
state 0
	$accept: .start $end 

	tokStartModule  shift 2
	tokStartDecls  shift 3
	tokStartExpr  shift 4
	tokStartType  shift 5
	.  error

	start  goto 1

state 1
	$accept:  start.$end 

	$end  accept
	.  error


state 2
	start:  tokStartModule.module tokEOF 
	keyspace: .    (138)

	tokKeyspace  shift 8
	.  reduce 138 (src line 612)

	keyspace  goto 7
	module  goto 6

state 3
	start:  tokStartDecls.defs tokEOF 
	defs: .    (41)

	.  reduce 41 (src line 307)

	defs  goto 9

state 4
	start:  tokStartExpr.expr tokEOF 

	tokIdent  shift 17
	tokExpr  shift 16
	tokFile  shift 18
	tokDir  shift 19
	tokExec  shift 21
	tokFunc  shift 20
	tokIf  shift 12
	tokMake  shift 22
	tokLen  shift 27
	tokPanic  shift 33
	tokMap  shift 31
	tokList  shift 32
	tokZip  shift 28
	tokUnzip  shift 29
	tokFlatten  shift 30
	'{'  shift 24
	'('  shift 23
	'['  shift 25
	'-'  shift 15
	'!'  shift 14
	.  error

	expr  goto 10
	factor  goto 11
	term  goto 13
	exprblock  goto 26

state 5
	start:  tokStartType.type tokEOF 

	tokIdent  shift 46
	tokInt  shift 35
	tokString  shift 36
	tokBool  shift 37
	tokFile  shift 38
	tokDir  shift 39
	tokModule  shift 43
	tokFunc  shift 45
	'{'  shift 42
	'('  shift 44
	'['  shift 41
	.  error

	identSelector  goto 40
	type  goto 34

state 6
	start:  tokStartModule module.tokEOF 

	tokEOF  shift 47
	.  error


state 7
	module:  keyspace.params defs 
	params: .    (140)

	.  reduce 140 (src line 617)

	params  goto 48

state 8
	keyspace:  tokKeyspace.tokExpr 

	tokExpr  shift 49
	.  error


state 9
	start:  tokStartDecls defs.tokEOF 
	defs:  defs.def ';' 

	tokIdent  shift 56
	tokAt  shift 54
	tokVal  shift 55
	tokFunc  shift 57
	tokType  shift 58
	tokEOF  shift 50
	.  error

	valdef  goto 52
	typedef  goto 53
	def  goto 51

state 10
	start:  tokStartExpr expr.tokEOF 
	expr:  expr.'(' applyargs ')' 
	expr:  expr.tokOrOr expr 
	expr:  expr.tokAndAnd expr 
	expr:  expr.'<' expr 
	expr:  expr.'>' expr 
	expr:  expr.tokLE expr 
	expr:  expr.tokGE expr 
	expr:  expr.tokNE expr 
	expr:  expr.tokEqEq expr 
	expr:  expr.'+' expr 
	expr:  expr.'*' expr 
	expr:  expr.'/' expr 
	expr:  expr.'%' expr 
	expr:  expr.'&' expr 
	expr:  expr.tokLSH expr 
	expr:  expr.tokRSH expr 
	expr:  expr.tokSquiggleArrow expr 
	expr:  expr.'.' tokIdent 
	expr:  expr.'[' expr ']' 

	'('  shift 60
	'['  shift 78
	tokOrOr  shift 61
	tokAndAnd  shift 62
	tokLE  shift 65
	tokGE  shift 66
	tokNE  shift 67
	tokEqEq  shift 68
	tokLSH  shift 74
	tokRSH  shift 75
	tokSquiggleArrow  shift 76
	'<'  shift 63
	'>'  shift 64
	'+'  shift 69
	'*'  shift 70
	'/'  shift 71
	'%'  shift 72
	'&'  shift 73
	tokEOF  shift 59
	'.'  shift 77
	.  error


state 11
	expr:  factor.    (67)

	.  reduce 67 (src line 436)


state 12
	expr:  tokIf.expr ifelseblock tokElse ifelseblock 

	tokIdent  shift 17
	tokExpr  shift 16
	tokFile  shift 18
	tokDir  shift 19
	tokExec  shift 21
	tokFunc  shift 20
	tokIf  shift 12
	tokMake  shift 22
	tokLen  shift 27
	tokPanic  shift 33
	tokMap  shift 31
	tokList  shift 32
	tokZip  shift 28
	tokUnzip  shift 29
	tokFlatten  shift 30
	'{'  shift 24
	'('  shift 23
	'['  shift 25
	'-'  shift 15
	'!'  shift 14
	.  error

	expr  goto 79
	factor  goto 11
	term  goto 13
	exprblock  goto 26

state 13
	factor:  term.    (88)

	.  reduce 88 (src line 478)


state 14
	factor:  '!'.factor 

	tokIdent  shift 17
	tokExpr  shift 16
	tokFile  shift 18
	tokDir  shift 19
	tokExec  shift 21
	tokFunc  shift 20
	tokMake  shift 22
	tokLen  shift 27
	tokPanic  shift 33
	tokMap  shift 31
	tokList  shift 32
	tokZip  shift 28
	tokUnzip  shift 29
	tokFlatten  shift 30
	'{'  shift 24
	'('  shift 23
	'['  shift 25
	'-'  shift 15
	'!'  shift 14
	.  error

	factor  goto 80
	term  goto 13
	exprblock  goto 26

state 15
	factor:  '-'.factor 

	tokIdent  shift 17
	tokExpr  shift 16
	tokFile  shift 18
	tokDir  shift 19
	tokExec  shift 21
	tokFunc  shift 20
	tokMake  shift 22
	tokLen  shift 27
	tokPanic  shift 33
	tokMap  shift 31
	tokList  shift 32
	tokZip  shift 28
	tokUnzip  shift 29
	tokFlatten  shift 30
	'{'  shift 24
	'('  shift 23
	'['  shift 25
	'-'  shift 15
	'!'  shift 14
	.  error

	factor  goto 81
	term  goto 13
	exprblock  goto 26

state 16
	term:  tokExpr.    (91)

	.  reduce 91 (src line 484)


state 17
	term:  tokIdent.    (92)

	.  reduce 92 (src line 486)


state 18
	term:  tokFile.    (93)

	.  reduce 93 (src line 488)


state 19
	term:  tokDir.    (94)

	.  reduce 94 (src line 490)


state 20
	term:  tokFunc.'(' funcargs ')' tokArrow expr 
	term:  tokFunc.'(' funcargs ')' type tokArrow expr 

	'('  shift 82
	.  error


state 21
	term:  tokExec.'(' commadefs ')' type tokTemplate 

	'('  shift 83
	.  error


state 22
	term:  tokMake.'(' tokExpr ')' 
	term:  tokMake.'(' tokExpr ',' commadefs ')' 

	'('  shift 84
	.  error


state 23
	term:  '('.expr ',' tupleargs ')' 
	term:  '('.expr ')' 

	tokIdent  shift 17
	tokExpr  shift 16
	tokFile  shift 18
	tokDir  shift 19
	tokExec  shift 21
	tokFunc  shift 20
	tokIf  shift 12
	tokMake  shift 22
	tokLen  shift 27
	tokPanic  shift 33
	tokMap  shift 31
	tokList  shift 32
	tokZip  shift 28
	tokUnzip  shift 29
	tokFlatten  shift 30
	'{'  shift 24
	'('  shift 23
	'['  shift 25
	'-'  shift 15
	'!'  shift 14
	.  error

	expr  goto 85
	factor  goto 11
	term  goto 13
	exprblock  goto 26

state 24
	term:  '{'.structfieldargs commaOk '}' 
	exprblock:  '{'.defs1 expr maybeColon '}' 

	tokIdent  shift 90
	tokAt  shift 54
	tokVal  shift 55
	tokFunc  shift 57
	tokType  shift 58
	.  error

	defs1  goto 87
	valdef  goto 52
	typedef  goto 53
	def  goto 89
	structfieldarg  goto 88
	structfieldargs  goto 86

state 25
	term:  '['.listargs commaOk ']' 
	term:  '['.listargs commaOk listappendargs commaOk ']' 
	term:  '['.':' ']' 
	term:  '['.mapargs commaOk ']' 
	term:  '['.mapargs commaOk listappendargs commaOk ']' 
	term:  '['.expr '|' pat tokLeftArrow expr ']' 
	listargs: .    (125)

	tokIdent  shift 17
	tokExpr  shift 16
	tokFile  shift 18
	tokDir  shift 19
	tokExec  shift 21
	tokFunc  shift 20
	tokIf  shift 12
	tokMake  shift 22
	tokLen  shift 27
	tokPanic  shift 33
	tokMap  shift 31
	tokList  shift 32
	tokZip  shift 28
	tokUnzip  shift 29
	tokFlatten  shift 30
	'{'  shift 24
	'('  shift 23
	'['  shift 25
	'-'  shift 15
	'!'  shift 14
	':'  shift 92
	.  reduce 125 (src line 570)

	expr  goto 94
	factor  goto 11
	term  goto 13
	exprblock  goto 26
	listargs  goto 91
	mapargs  goto 93

state 26
	term:  exprblock.    (109)

	.  reduce 109 (src line 531)


state 27
	term:  tokLen.'(' expr ')' 

	'('  shift 95
	.  error


state 28
	term:  tokZip.'(' expr ',' expr ')' 

	'('  shift 96
	.  error


state 29
	term:  tokUnzip.'(' expr ')' 

	'('  shift 97
	.  error


state 30
	term:  tokFlatten.'(' expr ')' 

	'('  shift 98
	.  error


state 31
	term:  tokMap.'(' expr ')' 

	'('  shift 99
	.  error


state 32
	term:  tokList.'(' expr ')' 

	'('  shift 100
	.  error


state 33
	term:  tokPanic.'(' expr ')' 

	'('  shift 101
	.  error


state 34
	start:  tokStartType type.tokEOF 

	tokEOF  shift 102
	.  error


state 35
	type:  tokInt.    (7)

	.  reduce 7 (src line 150)


state 36
	type:  tokString.    (8)

	.  reduce 8 (src line 152)


state 37
	type:  tokBool.    (9)

	.  reduce 9 (src line 153)


state 38
	type:  tokFile.    (10)

	.  reduce 10 (src line 154)


state 39
	type:  tokDir.    (11)

	.  reduce 11 (src line 155)


state 40
	identSelector:  identSelector.'.' tokIdent 
	type:  identSelector.    (12)

	'.'  shift 103
	.  reduce 12 (src line 156)


state 41
	type:  '['.type ']' 
	type:  '['.type ':' type ']' 

	tokIdent  shift 46
	tokInt  shift 35
	tokString  shift 36
	tokBool  shift 37
	tokFile  shift 38
	tokDir  shift 39
	tokModule  shift 43
	tokFunc  shift 45
	'{'  shift 42
	'('  shift 44
	'['  shift 41
	.  error

	identSelector  goto 40
	type  goto 104

state 42
	type:  '{'.typefields '}' 

	tokIdent  shift 108
	.  error

	typefields  goto 105
	typefield  goto 106
	typefieldidents  goto 107

state 43
	type:  tokModule.'{' typefields '}' 

	'{'  shift 109
	.  error


state 44
	type:  '('.typeargs ')' 

	tokIdent  shift 46
	tokInt  shift 35
	tokString  shift 36
	tokBool  shift 37
	tokFile  shift 38
	tokDir  shift 39
	tokModule  shift 43
	tokFunc  shift 45
	'{'  shift 42
	'('  shift 44
	'['  shift 41
	.  error

	identSelector  goto 40
	type  goto 113
	typearg  goto 112
	typearglist  goto 111
	typeargs  goto 110

state 45
	type:  tokFunc.'(' typeargs ')' type 

	'('  shift 114
	.  error


state 46
	identSelector:  tokIdent.    (5)

	.  reduce 5 (src line 144)


state 47
	start:  tokStartModule module tokEOF.    (1)

	.  reduce 1 (src line 118)


state 48
	module:  keyspace params.defs 
	params:  params.param ';' 
	defs: .    (41)
	param: .    (142)

	tokParam  shift 117
	';'  reduce 142 (src line 622)
	.  reduce 41 (src line 307)

	defs  goto 115
	param  goto 116

state 49
	keyspace:  tokKeyspace tokExpr.    (139)

	.  reduce 139 (src line 614)


state 50
	start:  tokStartDecls defs tokEOF.    (2)

	.  reduce 2 (src line 124)


state 51
	defs:  defs def.';' 

	';'  shift 118
	.  error


state 52
	def:  valdef.    (52)

	.  reduce 52 (src line 342)


state 53
	def:  typedef.    (53)

	.  reduce 53 (src line 342)


state 54
	valdef:  tokAt.tokRequires '(' commadefs ')' semiOk valdef 

	tokRequires  shift 119
	.  error


state 55
	valdef:  tokVal.val 

	tokIdent  shift 122
	'{'  shift 126
	'('  shift 124
	'['  shift 125
	'_'  shift 123
	.  error

	val  goto 120
	pat  goto 121

state 56
	valdef:  tokIdent.tokAssign expr 

	tokAssign  shift 127
	.  error


state 57
	valdef:  tokFunc.tokIdent '(' funcargs ')' '=' expr 
	valdef:  tokFunc.tokIdent '(' funcargs ')' type '=' expr 

	tokIdent  shift 128
	.  error


state 58
	typedef:  tokType.tokIdent type 

	tokIdent  shift 129
	.  error


state 59
	start:  tokStartExpr expr tokEOF.    (3)

	.  reduce 3 (src line 129)


state 60
	expr:  expr '('.applyargs ')' 

	tokIdent  shift 17
	tokExpr  shift 16
	tokFile  shift 18
	tokDir  shift 19
	tokExec  shift 21
	tokFunc  shift 20
	tokIf  shift 12
	tokMake  shift 22
	tokLen  shift 27
	tokPanic  shift 33
	tokMap  shift 31
	tokList  shift 32
	tokZip  shift 28
	tokUnzip  shift 29
	tokFlatten  shift 30
	'{'  shift 24
	'('  shift 23
	'['  shift 25
	'-'  shift 15
	'!'  shift 14
	.  error

	expr  goto 131
	factor  goto 11
	term  goto 13
	exprblock  goto 26
	applyargs  goto 130

state 61
	expr:  expr tokOrOr.expr 

	tokIdent  shift 17
	tokExpr  shift 16
	tokFile  shift 18
	tokDir  shift 19
	tokExec  shift 21
	tokFunc  shift 20
	tokIf  shift 12
	tokMake  shift 22
	tokLen  shift 27
	tokPanic  shift 33
	tokMap  shift 31
	tokList  shift 32
	tokZip  shift 28
	tokUnzip  shift 29
	tokFlatten  shift 30
	'{'  shift 24
	'('  shift 23
	'['  shift 25
	'-'  shift 15
	'!'  shift 14
	.  error

	expr  goto 132
	factor  goto 11
	term  goto 13
	exprblock  goto 26

state 62
	expr:  expr tokAndAnd.expr 

	tokIdent  shift 17
	tokExpr  shift 16
	tokFile  shift 18
	tokDir  shift 19
	tokExec  shift 21
	tokFunc  shift 20
	tokIf  shift 12
	tokMake  shift 22
	tokLen  shift 27
	tokPanic  shift 33
	tokMap  shift 31
	tokList  shift 32
	tokZip  shift 28
	tokUnzip  shift 29
	tokFlatten  shift 30
	'{'  shift 24
	'('  shift 23
	'['  shift 25
	'-'  shift 15
	'!'  shift 14
	.  error

	expr  goto 133
	factor  goto 11
	term  goto 13
	exprblock  goto 26

state 63
	expr:  expr '<'.expr 

	tokIdent  shift 17
	tokExpr  shift 16
	tokFile  shift 18
	tokDir  shift 19
	tokExec  shift 21
	tokFunc  shift 20
	tokIf  shift 12
	tokMake  shift 22
	tokLen  shift 27
	tokPanic  shift 33
	tokMap  shift 31
	tokList  shift 32
	tokZip  shift 28
	tokUnzip  shift 29
	tokFlatten  shift 30
	'{'  shift 24
	'('  shift 23
	'['  shift 25
	'-'  shift 15
	'!'  shift 14
	.  error

	expr  goto 134
	factor  goto 11
	term  goto 13
	exprblock  goto 26

state 64
	expr:  expr '>'.expr 

	tokIdent  shift 17
	tokExpr  shift 16
	tokFile  shift 18
	tokDir  shift 19
	tokExec  shift 21
	tokFunc  shift 20
	tokIf  shift 12
	tokMake  shift 22
	tokLen  shift 27
	tokPanic  shift 33
	tokMap  shift 31
	tokList  shift 32
	tokZip  shift 28
	tokUnzip  shift 29
	tokFlatten  shift 30
	'{'  shift 24
	'('  shift 23
	'['  shift 25
	'-'  shift 15
	'!'  shift 14
	.  error

	expr  goto 135
	factor  goto 11
	term  goto 13
	exprblock  goto 26

state 65
	expr:  expr tokLE.expr 

	tokIdent  shift 17
	tokExpr  shift 16
	tokFile  shift 18
	tokDir  shift 19
	tokExec  shift 21
	tokFunc  shift 20
	tokIf  shift 12
	tokMake  shift 22
	tokLen  shift 27
	tokPanic  shift 33
	tokMap  shift 31
	tokList  shift 32
	tokZip  shift 28
	tokUnzip  shift 29
	tokFlatten  shift 30
	'{'  shift 24
	'('  shift 23
	'['  shift 25
	'-'  shift 15
	'!'  shift 14
	.  error

	expr  goto 136
	factor  goto 11
	term  goto 13
	exprblock  goto 26

state 66
	expr:  expr tokGE.expr 

	tokIdent  shift 17
	tokExpr  shift 16
	tokFile  shift 18
	tokDir  shift 19
	tokExec  shift 21
	tokFunc  shift 20
	tokIf  shift 12
	tokMake  shift 22
	tokLen  shift 27
	tokPanic  shift 33
	tokMap  shift 31
	tokList  shift 32
	tokZip  shift 28
	tokUnzip  shift 29
	tokFlatten  shift 30
	'{'  shift 24
	'('  shift 23
	'['  shift 25
	'-'  shift 15
	'!'  shift 14
	.  error

	expr  goto 137
	factor  goto 11
	term  goto 13
	exprblock  goto 26

state 67
	expr:  expr tokNE.expr 

	tokIdent  shift 17
	tokExpr  shift 16
	tokFile  shift 18
	tokDir  shift 19
	tokExec  shift 21
	tokFunc  shift 20
	tokIf  shift 12
	tokMake  shift 22
	tokLen  shift 27
	tokPanic  shift 33
	tokMap  shift 31
	tokList  shift 32
	tokZip  shift 28
	tokUnzip  shift 29
	tokFlatten  shift 30
	'{'  shift 24
	'('  shift 23
	'['  shift 25
	'-'  shift 15
	'!'  shift 14
	.  error

	expr  goto 138
	factor  goto 11
	term  goto 13
	exprblock  goto 26

state 68
	expr:  expr tokEqEq.expr 

	tokIdent  shift 17
	tokExpr  shift 16
	tokFile  shift 18
	tokDir  shift 19
	tokExec  shift 21
	tokFunc  shift 20
	tokIf  shift 12
	tokMake  shift 22
	tokLen  shift 27
	tokPanic  shift 33
	tokMap  shift 31
	tokList  shift 32
	tokZip  shift 28
	tokUnzip  shift 29
	tokFlatten  shift 30
	'{'  shift 24
	'('  shift 23
	'['  shift 25
	'-'  shift 15
	'!'  shift 14
	.  error

	expr  goto 139
	factor  goto 11
	term  goto 13
	exprblock  goto 26

state 69
	expr:  expr '+'.expr 

	tokIdent  shift 17
	tokExpr  shift 16
	tokFile  shift 18
	tokDir  shift 19
	tokExec  shift 21
	tokFunc  shift 20
	tokIf  shift 12
	tokMake  shift 22
	tokLen  shift 27
	tokPanic  shift 33
	tokMap  shift 31
	tokList  shift 32
	tokZip  shift 28
	tokUnzip  shift 29
	tokFlatten  shift 30
	'{'  shift 24
	'('  shift 23
	'['  shift 25
	'-'  shift 15
	'!'  shift 14
	.  error

	expr  goto 140
	factor  goto 11
	term  goto 13
	exprblock  goto 26

state 70
	expr:  expr '*'.expr 

	tokIdent  shift 17
	tokExpr  shift 16
	tokFile  shift 18
	tokDir  shift 19
	tokExec  shift 21
	tokFunc  shift 20
	tokIf  shift 12
	tokMake  shift 22
	tokLen  shift 27
	tokPanic  shift 33
	tokMap  shift 31
	tokList  shift 32
	tokZip  shift 28
	tokUnzip  shift 29
	tokFlatten  shift 30
	'{'  shift 24
	'('  shift 23
	'['  shift 25
	'-'  shift 15
	'!'  shift 14
	.  error

	expr  goto 141
	factor  goto 11
	term  goto 13
	exprblock  goto 26

state 71
	expr:  expr '/'.expr 

	tokIdent  shift 17
	tokExpr  shift 16
	tokFile  shift 18
	tokDir  shift 19
	tokExec  shift 21
	tokFunc  shift 20
	tokIf  shift 12
	tokMake  shift 22
	tokLen  shift 27
	tokPanic  shift 33
	tokMap  shift 31
	tokList  shift 32
	tokZip  shift 28
	tokUnzip  shift 29
	tokFlatten  shift 30
	'{'  shift 24
	'('  shift 23
	'['  shift 25
	'-'  shift 15
	'!'  shift 14
	.  error

	expr  goto 142
	factor  goto 11
	term  goto 13
	exprblock  goto 26

state 72
	expr:  expr '%'.expr 

	tokIdent  shift 17
	tokExpr  shift 16
	tokFile  shift 18
	tokDir  shift 19
	tokExec  shift 21
	tokFunc  shift 20
	tokIf  shift 12
	tokMake  shift 22
	tokLen  shift 27
	tokPanic  shift 33
	tokMap  shift 31
	tokList  shift 32
	tokZip  shift 28
	tokUnzip  shift 29
	tokFlatten  shift 30
	'{'  shift 24
	'('  shift 23
	'['  shift 25
	'-'  shift 15
	'!'  shift 14
	.  error

	expr  goto 143
	factor  goto 11
	term  goto 13
	exprblock  goto 26

state 73
	expr:  expr '&'.expr 

	tokIdent  shift 17
	tokExpr  shift 16
	tokFile  shift 18
	tokDir  shift 19
	tokExec  shift 21
	tokFunc  shift 20
	tokIf  shift 12
	tokMake  shift 22
	tokLen  shift 27
	tokPanic  shift 33
	tokMap  shift 31
	tokList  shift 32
	tokZip  shift 28
	tokUnzip  shift 29
	tokFlatten  shift 30
	'{'  shift 24
	'('  shift 23
	'['  shift 25
	'-'  shift 15
	'!'  shift 14
	.  error

	expr  goto 144
	factor  goto 11
	term  goto 13
	exprblock  goto 26

state 74
	expr:  expr tokLSH.expr 

	tokIdent  shift 17
	tokExpr  shift 16
	tokFile  shift 18
	tokDir  shift 19
	tokExec  shift 21
	tokFunc  shift 20
	tokIf  shift 12
	tokMake  shift 22
	tokLen  shift 27
	tokPanic  shift 33
	tokMap  shift 31
	tokList  shift 32
	tokZip  shift 28
	tokUnzip  shift 29
	tokFlatten  shift 30
	'{'  shift 24
	'('  shift 23
	'['  shift 25
	'-'  shift 15
	'!'  shift 14
	.  error

	expr  goto 145
	factor  goto 11
	term  goto 13
	exprblock  goto 26

state 75
	expr:  expr tokRSH.expr 

	tokIdent  shift 17
	tokExpr  shift 16
	tokFile  shift 18
	tokDir  shift 19
	tokExec  shift 21
	tokFunc  shift 20
	tokIf  shift 12
	tokMake  shift 22
	tokLen  shift 27
	tokPanic  shift 33
	tokMap  shift 31
	tokList  shift 32
	tokZip  shift 28
	tokUnzip  shift 29
	tokFlatten  shift 30
	'{'  shift 24
	'('  shift 23
	'['  shift 25
	'-'  shift 15
	'!'  shift 14
	.  error

	expr  goto 146
	factor  goto 11
	term  goto 13
	exprblock  goto 26

state 76
	expr:  expr tokSquiggleArrow.expr 

	tokIdent  shift 17
	tokExpr  shift 16
	tokFile  shift 18
	tokDir  shift 19
	tokExec  shift 21
	tokFunc  shift 20
	tokIf  shift 12
	tokMake  shift 22
	tokLen  shift 27
	tokPanic  shift 33
	tokMap  shift 31
	tokList  shift 32
	tokZip  shift 28
	tokUnzip  shift 29
	tokFlatten  shift 30
	'{'  shift 24
	'('  shift 23
	'['  shift 25
	'-'  shift 15
	'!'  shift 14
	.  error

	expr  goto 147
	factor  goto 11
	term  goto 13
	exprblock  goto 26

state 77
	expr:  expr '.'.tokIdent 

	tokIdent  shift 148
	.  error


state 78
	expr:  expr '['.expr ']' 

	tokIdent  shift 17
	tokExpr  shift 16
	tokFile  shift 18
	tokDir  shift 19
	tokExec  shift 21
	tokFunc  shift 20
	tokIf  shift 12
	tokMake  shift 22
	tokLen  shift 27
	tokPanic  shift 33
	tokMap  shift 31
	tokList  shift 32
	tokZip  shift 28
	tokUnzip  shift 29
	tokFlatten  shift 30
	'{'  shift 24
	'('  shift 23
	'['  shift 25
	'-'  shift 15
	'!'  shift 14
	.  error

	expr  goto 149
	factor  goto 11
	term  goto 13
	exprblock  goto 26

state 79
	expr:  expr.'(' applyargs ')' 
	expr:  expr.tokOrOr expr 
	expr:  expr.tokAndAnd expr 
	expr:  expr.'<' expr 
	expr:  expr.'>' expr 
	expr:  expr.tokLE expr 
	expr:  expr.tokGE expr 
	expr:  expr.tokNE expr 
	expr:  expr.tokEqEq expr 
	expr:  expr.'+' expr 
	expr:  expr.'*' expr 
	expr:  expr.'/' expr 
	expr:  expr.'%' expr 
	expr:  expr.'&' expr 
	expr:  expr.tokLSH expr 
	expr:  expr.tokRSH expr 
	expr:  expr.tokSquiggleArrow expr 
	expr:  tokIf expr.ifelseblock tokElse ifelseblock 
	expr:  expr.'.' tokIdent 
	expr:  expr.'[' expr ']' 

	'{'  shift 151
	'('  shift 60
	'['  shift 78
	tokOrOr  shift 61
	tokAndAnd  shift 62
	tokLE  shift 65
	tokGE  shift 66
	tokNE  shift 67
	tokEqEq  shift 68
	tokLSH  shift 74
	tokRSH  shift 75
	tokSquiggleArrow  shift 76
	'<'  shift 63
	'>'  shift 64
	'+'  shift 69
	'*'  shift 70
	'/'  shift 71
	'%'  shift 72
	'&'  shift 73
	'.'  shift 77
	.  error

	ifelseblock  goto 150

state 80
	factor:  '!' factor.    (89)

	.  reduce 89 (src line 479)


state 81
	factor:  '-' factor.    (90)

	.  reduce 90 (src line 481)


state 82
	term:  tokFunc '('.funcargs ')' tokArrow expr 
	term:  tokFunc '('.funcargs ')' type tokArrow expr 

	tokIdent  shift 108
	.  error

	typefields  goto 153
	typefield  goto 106
	funcargs  goto 152
	typefieldidents  goto 107

state 83
	term:  tokExec '('.commadefs ')' type tokTemplate 
	commadefs: .    (45)

	tokIdent  shift 157
	tokAt  shift 54
	tokVal  shift 55
	tokFunc  shift 57
	tokType  shift 58
	.  reduce 45 (src line 318)

	commadefs  goto 154
	valdef  goto 52
	typedef  goto 53
	def  goto 156
	commadef  goto 155

state 84
	term:  tokMake '('.tokExpr ')' 
	term:  tokMake '('.tokExpr ',' commadefs ')' 

	tokExpr  shift 158
	.  error


state 85
	expr:  expr.'(' applyargs ')' 
	expr:  expr.tokOrOr expr 
	expr:  expr.tokAndAnd expr 
	expr:  expr.'<' expr 
	expr:  expr.'>' expr 
	expr:  expr.tokLE expr 
	expr:  expr.tokGE expr 
	expr:  expr.tokNE expr 
	expr:  expr.tokEqEq expr 
	expr:  expr.'+' expr 
	expr:  expr.'*' expr 
	expr:  expr.'/' expr 
	expr:  expr.'%' expr 
	expr:  expr.'&' expr 
	expr:  expr.tokLSH expr 
	expr:  expr.tokRSH expr 
	expr:  expr.tokSquiggleArrow expr 
	expr:  expr.'.' tokIdent 
	expr:  expr.'[' expr ']' 
	term:  '(' expr.',' tupleargs ')' 
	term:  '(' expr.')' 

	'('  shift 60
	'['  shift 78
	tokOrOr  shift 61
	tokAndAnd  shift 62
	tokLE  shift 65
	tokGE  shift 66
	tokNE  shift 67
	tokEqEq  shift 68
	tokLSH  shift 74
	tokRSH  shift 75
	tokSquiggleArrow  shift 76
	'<'  shift 63
	'>'  shift 64
	'+'  shift 69
	'*'  shift 70
	'/'  shift 71
	'%'  shift 72
	'&'  shift 73
	'.'  shift 77
	')'  shift 160
	','  shift 159
	.  error


state 86
	term:  '{' structfieldargs.commaOk '}' 
	structfieldargs:  structfieldargs.',' structfieldarg 
	commaOk: .    (145)

	','  shift 162
	.  reduce 145 (src line 629)

	commaOk  goto 161

state 87
	defs1:  defs1.def ';' 
	exprblock:  '{' defs1.expr maybeColon '}' 

	tokIdent  shift 165
	tokExpr  shift 16
	tokFile  shift 18
	tokDir  shift 19
	tokExec  shift 21
	tokAt  shift 54
	tokVal  shift 55
	tokFunc  shift 166
	tokIf  shift 12
	tokMake  shift 22
	tokLen  shift 27
	tokPanic  shift 33
	tokMap  shift 31
	tokList  shift 32
	tokZip  shift 28
	tokUnzip  shift 29
	tokFlatten  shift 30
	tokType  shift 58
	'{'  shift 24
	'('  shift 23
	'['  shift 25
	'-'  shift 15
	'!'  shift 14
	.  error

	valdef  goto 52
	typedef  goto 53
	def  goto 163
	expr  goto 164
	factor  goto 11
	term  goto 13
	exprblock  goto 26

state 88
	structfieldargs:  structfieldarg.    (121)

	.  reduce 121 (src line 558)


state 89
	defs1:  def.';' 

	';'  shift 167
	.  error


state 90
	valdef:  tokIdent.tokAssign expr 
	structfieldarg:  tokIdent.    (123)
	structfieldarg:  tokIdent.':' expr 

	tokAssign  shift 127
	':'  shift 168
	.  reduce 123 (src line 564)


state 91
	term:  '[' listargs.commaOk ']' 
	term:  '[' listargs.commaOk listappendargs commaOk ']' 
	listargs:  listargs.',' expr 
	commaOk: .    (145)

	','  shift 170
	.  reduce 145 (src line 629)

	commaOk  goto 169

state 92
	term:  '[' ':'.']' 

	']'  shift 171
	.  error


state 93
	term:  '[' mapargs.commaOk ']' 
	term:  '[' mapargs.commaOk listappendargs commaOk ']' 
	mapargs:  mapargs.',' expr ':' expr 
	commaOk: .    (145)

	','  shift 173
	.  reduce 145 (src line 629)

	commaOk  goto 172

state 94
	expr:  expr.'(' applyargs ')' 
	expr:  expr.tokOrOr expr 
	expr:  expr.tokAndAnd expr 
	expr:  expr.'<' expr 
	expr:  expr.'>' expr 
	expr:  expr.tokLE expr 
	expr:  expr.tokGE expr 
	expr:  expr.tokNE expr 
	expr:  expr.tokEqEq expr 
	expr:  expr.'+' expr 
	expr:  expr.'*' expr 
	expr:  expr.'/' expr 
	expr:  expr.'%' expr 
	expr:  expr.'&' expr 
	expr:  expr.tokLSH expr 
	expr:  expr.tokRSH expr 
	expr:  expr.tokSquiggleArrow expr 
	expr:  expr.'.' tokIdent 
	expr:  expr.'[' expr ']' 
	term:  '[' expr.'|' pat tokLeftArrow expr ']' 
	listargs:  expr.    (126)
	mapargs:  expr.':' expr 

	'('  shift 60
	'['  shift 78
	tokOrOr  shift 61
	tokAndAnd  shift 62
	tokLE  shift 65
	tokGE  shift 66
	tokNE  shift 67
	tokEqEq  shift 68
	tokLSH  shift 74
	tokRSH  shift 75
	tokSquiggleArrow  shift 76
	'<'  shift 63
	'>'  shift 64
	'+'  shift 69
	'|'  shift 174
	'*'  shift 70
	'/'  shift 71
	'%'  shift 72
	'&'  shift 73
	'.'  shift 77
	':'  shift 175
	.  reduce 126 (src line 572)


state 95
	term:  tokLen '('.expr ')' 

	tokIdent  shift 17
	tokExpr  shift 16
	tokFile  shift 18
	tokDir  shift 19
	tokExec  shift 21
	tokFunc  shift 20
	tokIf  shift 12
	tokMake  shift 22
	tokLen  shift 27
	tokPanic  shift 33
	tokMap  shift 31
	tokList  shift 32
	tokZip  shift 28
	tokUnzip  shift 29
	tokFlatten  shift 30
	'{'  shift 24
	'('  shift 23
	'['  shift 25
	'-'  shift 15
	'!'  shift 14
	.  error

	expr  goto 176
	factor  goto 11
	term  goto 13
	exprblock  goto 26

state 96
	term:  tokZip '('.expr ',' expr ')' 

	tokIdent  shift 17
	tokExpr  shift 16
	tokFile  shift 18
	tokDir  shift 19
	tokExec  shift 21
	tokFunc  shift 20
	tokIf  shift 12
	tokMake  shift 22
	tokLen  shift 27
	tokPanic  shift 33
	tokMap  shift 31
	tokList  shift 32
	tokZip  shift 28
	tokUnzip  shift 29
	tokFlatten  shift 30
	'{'  shift 24
	'('  shift 23
	'['  shift 25
	'-'  shift 15
	'!'  shift 14
	.  error

	expr  goto 177
	factor  goto 11
	term  goto 13
	exprblock  goto 26

state 97
	term:  tokUnzip '('.expr ')' 

	tokIdent  shift 17
	tokExpr  shift 16
	tokFile  shift 18
	tokDir  shift 19
	tokExec  shift 21
	tokFunc  shift 20
	tokIf  shift 12
	tokMake  shift 22
	tokLen  shift 27
	tokPanic  shift 33
	tokMap  shift 31
	tokList  shift 32
	tokZip  shift 28
	tokUnzip  shift 29
	tokFlatten  shift 30
	'{'  shift 24
	'('  shift 23
	'['  shift 25
	'-'  shift 15
	'!'  shift 14
	.  error

	expr  goto 178
	factor  goto 11
	term  goto 13
	exprblock  goto 26

state 98
	term:  tokFlatten '('.expr ')' 

	tokIdent  shift 17
	tokExpr  shift 16
	tokFile  shift 18
	tokDir  shift 19
	tokExec  shift 21
	tokFunc  shift 20
	tokIf  shift 12
	tokMake  shift 22
	tokLen  shift 27
	tokPanic  shift 33
	tokMap  shift 31
	tokList  shift 32
	tokZip  shift 28
	tokUnzip  shift 29
	tokFlatten  shift 30
	'{'  shift 24
	'('  shift 23
	'['  shift 25
	'-'  shift 15
	'!'  shift 14
	.  error

	expr  goto 179
	factor  goto 11
	term  goto 13
	exprblock  goto 26

state 99
	term:  tokMap '('.expr ')' 

	tokIdent  shift 17
	tokExpr  shift 16
	tokFile  shift 18
	tokDir  shift 19
	tokExec  shift 21
	tokFunc  shift 20
	tokIf  shift 12
	tokMake  shift 22
	tokLen  shift 27
	tokPanic  shift 33
	tokMap  shift 31
	tokList  shift 32
	tokZip  shift 28
	tokUnzip  shift 29
	tokFlatten  shift 30
	'{'  shift 24
	'('  shift 23
	'['  shift 25
	'-'  shift 15
	'!'  shift 14
	.  error

	expr  goto 180
	factor  goto 11
	term  goto 13
	exprblock  goto 26

state 100
	term:  tokList '('.expr ')' 

	tokIdent  shift 17
	tokExpr  shift 16
	tokFile  shift 18
	tokDir  shift 19
	tokExec  shift 21
	tokFunc  shift 20
	tokIf  shift 12
	tokMake  shift 22
	tokLen  shift 27
	tokPanic  shift 33
	tokMap  shift 31
	tokList  shift 32
	tokZip  shift 28
	tokUnzip  shift 29
	tokFlatten  shift 30
	'{'  shift 24
	'('  shift 23
	'['  shift 25
	'-'  shift 15
	'!'  shift 14
	.  error

	expr  goto 181
	factor  goto 11
	term  goto 13
	exprblock  goto 26

state 101
	term:  tokPanic '('.expr ')' 

	tokIdent  shift 17
	tokExpr  shift 16
	tokFile  shift 18
	tokDir  shift 19
	tokExec  shift 21
	tokFunc  shift 20
	tokIf  shift 12
	tokMake  shift 22
	tokLen  shift 27
	tokPanic  shift 33
	tokMap  shift 31
	tokList  shift 32
	tokZip  shift 28
	tokUnzip  shift 29
	tokFlatten  shift 30
	'{'  shift 24
	'('  shift 23
	'['  shift 25
	'-'  shift 15
	'!'  shift 14
	.  error

	expr  goto 182
	factor  goto 11
	term  goto 13
	exprblock  goto 26

state 102
	start:  tokStartType type tokEOF.    (4)

	.  reduce 4 (src line 134)


state 103
	identSelector:  identSelector '.'.tokIdent 

	tokIdent  shift 183
	.  error


state 104
	type:  '[' type.']' 
	type:  '[' type.':' type ']' 

	']'  shift 184
	':'  shift 185
	.  error


state 105
	type:  '{' typefields.'}' 
	typefields:  typefields.',' typefield 

	'}'  shift 186
	','  shift 187
	.  error


state 106
	typefields:  typefield.    (22)

	.  reduce 22 (src line 193)


state 107
	typefieldidents:  typefieldidents.',' tokIdent 
	typefield:  typefieldidents.type 

	tokIdent  shift 46
	tokInt  shift 35
	tokString  shift 36
	tokBool  shift 37
	tokFile  shift 38
	tokDir  shift 39
	tokModule  shift 43
	tokFunc  shift 45
	'{'  shift 42
	'('  shift 44
	'['  shift 41
	','  shift 188
	.  error

	identSelector  goto 40
	type  goto 189

state 108
	typefieldidents:  tokIdent.    (19)

	.  reduce 19 (src line 179)


state 109
	type:  tokModule '{'.typefields '}' 

	tokIdent  shift 108
	.  error

	typefields  goto 190
	typefield  goto 106
	typefieldidents  goto 107

state 110
	type:  '(' typeargs.')' 

	')'  shift 191
	.  error


state 111
	typearglist:  typearglist.',' typearg 
	typeargs:  typearglist.    (28)

	','  shift 192
	.  reduce 28 (src line 217)


state 112
	typearglist:  typearg.    (26)

	.  reduce 26 (src line 205)


state 113
	typearg:  type.    (24)
	typearg:  type.type 

	tokIdent  shift 46
	tokInt  shift 35
	tokString  shift 36
	tokBool  shift 37
	tokFile  shift 38
	tokDir  shift 39
	tokModule  shift 43
	tokFunc  shift 45
	'{'  shift 42
	'('  shift 44
	'['  shift 41
	.  reduce 24 (src line 199)

	identSelector  goto 40
	type  goto 193

state 114
	type:  tokFunc '('.typeargs ')' type 

	tokIdent  shift 46
	tokInt  shift 35
	tokString  shift 36
	tokBool  shift 37
	tokFile  shift 38
	tokDir  shift 39
	tokModule  shift 43
	tokFunc  shift 45
	'{'  shift 42
	'('  shift 44
	'['  shift 41
	.  error

	identSelector  goto 40
	type  goto 113
	typearg  goto 112
	typearglist  goto 111
	typeargs  goto 194

state 115
	defs:  defs.def ';' 
	module:  keyspace params defs.    (137)

	tokIdent  shift 56
	tokAt  shift 54
	tokVal  shift 55
	tokFunc  shift 57
	tokType  shift 58
	.  reduce 137 (src line 606)

	valdef  goto 52
	typedef  goto 53
	def  goto 51

state 116
	params:  params param.';' 

	';'  shift 195
	.  error


state 117
	param:  tokParam.paramdef 
	param:  tokParam.'(' paramdefs ')' 

	tokIdent  shift 199
	'('  shift 197
	.  error

	paramdef  goto 196
	idents  goto 198

state 118
	defs:  defs def ';'.    (42)

	.  reduce 42 (src line 309)


state 119
	valdef:  tokAt tokRequires.'(' commadefs ')' semiOk valdef 

	'('  shift 200
	.  error


state 120
	valdef:  tokVal val.    (55)

	.  reduce 55 (src line 350)


state 121
	val:  pat.'=' expr 
	val:  pat.type '=' expr 

	tokIdent  shift 46
	tokInt  shift 35
	tokString  shift 36
	tokBool  shift 37
	tokFile  shift 38
	tokDir  shift 39
	tokModule  shift 43
	tokFunc  shift 45
	'{'  shift 42
	'('  shift 44
	'['  shift 41
	'='  shift 201
	.  error

	identSelector  goto 40
	type  goto 202

state 122
	pat:  tokIdent.    (29)

	.  reduce 29 (src line 258)


state 123
	pat:  '_'.    (30)

	.  reduce 30 (src line 261)


state 124
	pat:  '('.tuplepatargs ')' 

	tokIdent  shift 122
	'{'  shift 126
	'('  shift 124
	'['  shift 125
	'_'  shift 123
	.  error

	pat  goto 204
	tuplepatargs  goto 203

state 125
	pat:  '['.listpatargs ']' 

	tokIdent  shift 122
	'{'  shift 126
	'('  shift 124
	'['  shift 125
	'_'  shift 123
	.  error

	pat  goto 204
	tuplepatargs  goto 206
	listpatargs  goto 205

state 126
	pat:  '{'.structpatargs '}' 

	tokIdent  shift 209
	.  error

	structpat  goto 208
	structpatargs  goto 207

state 127
	valdef:  tokIdent tokAssign.expr 

	tokIdent  shift 17
	tokExpr  shift 16
	tokFile  shift 18
	tokDir  shift 19
	tokExec  shift 21
	tokFunc  shift 20
	tokIf  shift 12
	tokMake  shift 22
	tokLen  shift 27
	tokPanic  shift 33
	tokMap  shift 31
	tokList  shift 32
	tokZip  shift 28
	tokUnzip  shift 29
	tokFlatten  shift 30
	'{'  shift 24
	'('  shift 23
	'['  shift 25
	'-'  shift 15
	'!'  shift 14
	.  error

	expr  goto 210
	factor  goto 11
	term  goto 13
	exprblock  goto 26

state 128
	valdef:  tokFunc tokIdent.'(' funcargs ')' '=' expr 
	valdef:  tokFunc tokIdent.'(' funcargs ')' type '=' expr 

	'('  shift 211
	.  error


state 129
	typedef:  tokType tokIdent.type 

	tokIdent  shift 46
	tokInt  shift 35
	tokString  shift 36
	tokBool  shift 37
	tokFile  shift 38
	tokDir  shift 39
	tokModule  shift 43
	tokFunc  shift 45
	'{'  shift 42
	'('  shift 44
	'['  shift 41
	.  error

	identSelector  goto 40
	type  goto 212

state 130
	expr:  expr '(' applyargs.')' 
	applyargs:  applyargs.',' expr 

	')'  shift 213
	','  shift 214
	.  error


state 131
	expr:  expr.'(' applyargs ')' 
	expr:  expr.tokOrOr expr 
	expr:  expr.tokAndAnd expr 
	expr:  expr.'<' expr 
	expr:  expr.'>' expr 
	expr:  expr.tokLE expr 
	expr:  expr.tokGE expr 
	expr:  expr.tokNE expr 
	expr:  expr.tokEqEq expr 
	expr:  expr.'+' expr 
	expr:  expr.'*' expr 
	expr:  expr.'/' expr 
	expr:  expr.'%' expr 
	expr:  expr.'&' expr 
	expr:  expr.tokLSH expr 
	expr:  expr.tokRSH expr 
	expr:  expr.tokSquiggleArrow expr 
	expr:  expr.'.' tokIdent 
	expr:  expr.'[' expr ']' 
	applyargs:  expr.    (132)

	'('  shift 60
	'['  shift 78
	tokOrOr  shift 61
	tokAndAnd  shift 62
	tokLE  shift 65
	tokGE  shift 66
	tokNE  shift 67
	tokEqEq  shift 68
	tokLSH  shift 74
	tokRSH  shift 75
	tokSquiggleArrow  shift 76
	'<'  shift 63
	'>'  shift 64
	'+'  shift 69
	'*'  shift 70
	'/'  shift 71
	'%'  shift 72
	'&'  shift 73
	'.'  shift 77
	.  reduce 132 (src line 589)


state 132
	expr:  expr.'(' applyargs ')' 
	expr:  expr.tokOrOr expr 
	expr:  expr tokOrOr expr.    (69)
	expr:  expr.tokAndAnd expr 
	expr:  expr.'<' expr 
	expr:  expr.'>' expr 
	expr:  expr.tokLE expr 
	expr:  expr.tokGE expr 
	expr:  expr.tokNE expr 
	expr:  expr.tokEqEq expr 
	expr:  expr.'+' expr 
	expr:  expr.'*' expr 
	expr:  expr.'/' expr 
	expr:  expr.'%' expr 
	expr:  expr.'&' expr 
	expr:  expr.tokLSH expr 
	expr:  expr.tokRSH expr 
	expr:  expr.tokSquiggleArrow expr 
	expr:  expr.'.' tokIdent 
	expr:  expr.'[' expr ']' 

	'('  shift 60
	'['  shift 78
	tokAndAnd  shift 62
	tokLE  shift 65
	tokGE  shift 66
	tokNE  shift 67
	tokEqEq  shift 68
	tokLSH  shift 74
	tokRSH  shift 75
	'<'  shift 63
	'>'  shift 64
	'+'  shift 69
	'*'  shift 70
	'/'  shift 71
	'%'  shift 72
	'&'  shift 73
	'.'  shift 77
	.  reduce 69 (src line 439)


state 133
	expr:  expr.'(' applyargs ')' 
	expr:  expr.tokOrOr expr 
	expr:  expr.tokAndAnd expr 
	expr:  expr tokAndAnd expr.    (70)
	expr:  expr.'<' expr 
	expr:  expr.'>' expr 
	expr:  expr.tokLE expr 
	expr:  expr.tokGE expr 
	expr:  expr.tokNE expr 
	expr:  expr.tokEqEq expr 
	expr:  expr.'+' expr 
	expr:  expr.'*' expr 
	expr:  expr.'/' expr 
	expr:  expr.'%' expr 
	expr:  expr.'&' expr 
	expr:  expr.tokLSH expr 
	expr:  expr.tokRSH expr 
	expr:  expr.tokSquiggleArrow expr 
	expr:  expr.'.' tokIdent 
	expr:  expr.'[' expr ']' 

	'('  shift 60
	'['  shift 78
	tokLE  shift 65
	tokGE  shift 66
	tokNE  shift 67
	tokEqEq  shift 68
	tokLSH  shift 74
	tokRSH  shift 75
	'<'  shift 63
	'>'  shift 64
	'+'  shift 69
	'*'  shift 70
	'/'  shift 71
	'%'  shift 72
	'&'  shift 73
	'.'  shift 77
	.  reduce 70 (src line 441)


state 134
	expr:  expr.'(' applyargs ')' 
	expr:  expr.tokOrOr expr 
	expr:  expr.tokAndAnd expr 
	expr:  expr.'<' expr 
	expr:  expr '<' expr.    (71)
	expr:  expr.'>' expr 
	expr:  expr.tokLE expr 
	expr:  expr.tokGE expr 
	expr:  expr.tokNE expr 
	expr:  expr.tokEqEq expr 
	expr:  expr.'+' expr 
	expr:  expr.'*' expr 
	expr:  expr.'/' expr 
	expr:  expr.'%' expr 
	expr:  expr.'&' expr 
	expr:  expr.tokLSH expr 
	expr:  expr.tokRSH expr 
	expr:  expr.tokSquiggleArrow expr 
	expr:  expr.'.' tokIdent 
	expr:  expr.'[' expr ']' 

	'('  shift 60
	'['  shift 78
	tokLSH  shift 74
	tokRSH  shift 75
	'+'  shift 69
	'*'  shift 70
	'/'  shift 71
	'%'  shift 72
	'&'  shift 73
	'.'  shift 77
	.  reduce 71 (src line 443)


state 135
	expr:  expr.'(' applyargs ')' 
	expr:  expr.tokOrOr expr 
	expr:  expr.tokAndAnd expr 
	expr:  expr.'<' expr 
	expr:  expr.'>' expr 
	expr:  expr '>' expr.    (72)
	expr:  expr.tokLE expr 
	expr:  expr.tokGE expr 
	expr:  expr.tokNE expr 
	expr:  expr.tokEqEq expr 
	expr:  expr.'+' expr 
	expr:  expr.'*' expr 
	expr:  expr.'/' expr 
	expr:  expr.'%' expr 
	expr:  expr.'&' expr 
	expr:  expr.tokLSH expr 
	expr:  expr.tokRSH expr 
	expr:  expr.tokSquiggleArrow expr 
	expr:  expr.'.' tokIdent 
	expr:  expr.'[' expr ']' 

	'('  shift 60
	'['  shift 78
	tokLSH  shift 74
	tokRSH  shift 75
	'+'  shift 69
	'*'  shift 70
	'/'  shift 71
	'%'  shift 72
	'&'  shift 73
	'.'  shift 77
	.  reduce 72 (src line 445)


state 136
	expr:  expr.'(' applyargs ')' 
	expr:  expr.tokOrOr expr 
	expr:  expr.tokAndAnd expr 
	expr:  expr.'<' expr 
	expr:  expr.'>' expr 
	expr:  expr.tokLE expr 
	expr:  expr tokLE expr.    (73)
	expr:  expr.tokGE expr 
	expr:  expr.tokNE expr 
	expr:  expr.tokEqEq expr 
	expr:  expr.'+' expr 
	expr:  expr.'*' expr 
	expr:  expr.'/' expr 
	expr:  expr.'%' expr 
	expr:  expr.'&' expr 
	expr:  expr.tokLSH expr 
	expr:  expr.tokRSH expr 
	expr:  expr.tokSquiggleArrow expr 
	expr:  expr.'.' tokIdent 
	expr:  expr.'[' expr ']' 

	'('  shift 60
	'['  shift 78
	tokLSH  shift 74
	tokRSH  shift 75
	'+'  shift 69
	'*'  shift 70
	'/'  shift 71
	'%'  shift 72
	'&'  shift 73
	'.'  shift 77
	.  reduce 73 (src line 447)


state 137
	expr:  expr.'(' applyargs ')' 
	expr:  expr.tokOrOr expr 
	expr:  expr.tokAndAnd expr 
	expr:  expr.'<' expr 
	expr:  expr.'>' expr 
	expr:  expr.tokLE expr 
	expr:  expr.tokGE expr 
	expr:  expr tokGE expr.    (74)
	expr:  expr.tokNE expr 
	expr:  expr.tokEqEq expr 
	expr:  expr.'+' expr 
	expr:  expr.'*' expr 
	expr:  expr.'/' expr 
	expr:  expr.'%' expr 
	expr:  expr.'&' expr 
	expr:  expr.tokLSH expr 
	expr:  expr.tokRSH expr 
	expr:  expr.tokSquiggleArrow expr 
	expr:  expr.'.' tokIdent 
	expr:  expr.'[' expr ']' 

	'('  shift 60
	'['  shift 78
	tokLSH  shift 74
	tokRSH  shift 75
	'+'  shift 69
	'*'  shift 70
	'/'  shift 71
	'%'  shift 72
	'&'  shift 73
	'.'  shift 77
	.  reduce 74 (src line 449)


state 138
	expr:  expr.'(' applyargs ')' 
	expr:  expr.tokOrOr expr 
	expr:  expr.tokAndAnd expr 
	expr:  expr.'<' expr 
	expr:  expr.'>' expr 
	expr:  expr.tokLE expr 
	expr:  expr.tokGE expr 
	expr:  expr.tokNE expr 
	expr:  expr tokNE expr.    (75)
	expr:  expr.tokEqEq expr 
	expr:  expr.'+' expr 
	expr:  expr.'*' expr 
	expr:  expr.'/' expr 
	expr:  expr.'%' expr 
	expr:  expr.'&' expr 
	expr:  expr.tokLSH expr 
	expr:  expr.tokRSH expr 
	expr:  expr.tokSquiggleArrow expr 
	expr:  expr.'.' tokIdent 
	expr:  expr.'[' expr ']' 

	'('  shift 60
	'['  shift 78
	tokLSH  shift 74
	tokRSH  shift 75
	'+'  shift 69
	'*'  shift 70
	'/'  shift 71
	'%'  shift 72
	'&'  shift 73
	'.'  shift 77
	.  reduce 75 (src line 451)


state 139
	expr:  expr.'(' applyargs ')' 
	expr:  expr.tokOrOr expr 
	expr:  expr.tokAndAnd expr 
	expr:  expr.'<' expr 
	expr:  expr.'>' expr 
	expr:  expr.tokLE expr 
	expr:  expr.tokGE expr 
	expr:  expr.tokNE expr 
	expr:  expr.tokEqEq expr 
	expr:  expr tokEqEq expr.    (76)
	expr:  expr.'+' expr 
	expr:  expr.'*' expr 
	expr:  expr.'/' expr 
	expr:  expr.'%' expr 
	expr:  expr.'&' expr 
	expr:  expr.tokLSH expr 
	expr:  expr.tokRSH expr 
	expr:  expr.tokSquiggleArrow expr 
	expr:  expr.'.' tokIdent 
	expr:  expr.'[' expr ']' 

	'('  shift 60
	'['  shift 78
	tokLSH  shift 74
	tokRSH  shift 75
	'+'  shift 69
	'*'  shift 70
	'/'  shift 71
	'%'  shift 72
	'&'  shift 73
	'.'  shift 77
	.  reduce 76 (src line 453)


state 140
	expr:  expr.'(' applyargs ')' 
	expr:  expr.tokOrOr expr 
	expr:  expr.tokAndAnd expr 
	expr:  expr.'<' expr 
	expr:  expr.'>' expr 
	expr:  expr.tokLE expr 
	expr:  expr.tokGE expr 
	expr:  expr.tokNE expr 
	expr:  expr.tokEqEq expr 
	expr:  expr.'+' expr 
	expr:  expr '+' expr.    (77)
	expr:  expr.'*' expr 
	expr:  expr.'/' expr 
	expr:  expr.'%' expr 
	expr:  expr.'&' expr 
	expr:  expr.tokLSH expr 
	expr:  expr.tokRSH expr 
	expr:  expr.tokSquiggleArrow expr 
	expr:  expr.'.' tokIdent 
	expr:  expr.'[' expr ']' 

	'('  shift 60
	'['  shift 78
	tokLSH  shift 74
	tokRSH  shift 75
	'*'  shift 70
	'/'  shift 71
	'%'  shift 72
	'&'  shift 73
	'.'  shift 77
	.  reduce 77 (src line 455)


state 141
	expr:  expr.'(' applyargs ')' 
	expr:  expr.tokOrOr expr 
	expr:  expr.tokAndAnd expr 
	expr:  expr.'<' expr 
	expr:  expr.'>' expr 
	expr:  expr.tokLE expr 
	expr:  expr.tokGE expr 
	expr:  expr.tokNE expr 
	expr:  expr.tokEqEq expr 
	expr:  expr.'+' expr 
	expr:  expr.'*' expr 
	expr:  expr '*' expr.    (78)
	expr:  expr.'/' expr 
	expr:  expr.'%' expr 
	expr:  expr.'&' expr 
	expr:  expr.tokLSH expr 
	expr:  expr.tokRSH expr 
	expr:  expr.tokSquiggleArrow expr 
	expr:  expr.'.' tokIdent 
	expr:  expr.'[' expr ']' 

	'('  shift 60
	'['  shift 78
	'.'  shift 77
	.  reduce 78 (src line 457)


state 142
	expr:  expr.'(' applyargs ')' 
	expr:  expr.tokOrOr expr 
	expr:  expr.tokAndAnd expr 
	expr:  expr.'<' expr 
	expr:  expr.'>' expr 
	expr:  expr.tokLE expr 
	expr:  expr.tokGE expr 
	expr:  expr.tokNE expr 
	expr:  expr.tokEqEq expr 
	expr:  expr.'+' expr 
	expr:  expr.'*' expr 
	expr:  expr.'/' expr 
	expr:  expr '/' expr.    (79)
	expr:  expr.'%' expr 
	expr:  expr.'&' expr 
	expr:  expr.tokLSH expr 
	expr:  expr.tokRSH expr 
	expr:  expr.tokSquiggleArrow expr 
	expr:  expr.'.' tokIdent 
	expr:  expr.'[' expr ']' 

	'('  shift 60
	'['  shift 78
	'.'  shift 77
	.  reduce 79 (src line 459)


state 143
	expr:  expr.'(' applyargs ')' 
	expr:  expr.tokOrOr expr 
	expr:  expr.tokAndAnd expr 
	expr:  expr.'<' expr 
	expr:  expr.'>' expr 
	expr:  expr.tokLE expr 
	expr:  expr.tokGE expr 
	expr:  expr.tokNE expr 
	expr:  expr.tokEqEq expr 
	expr:  expr.'+' expr 
	expr:  expr.'*' expr 
	expr:  expr.'/' expr 
	expr:  expr.'%' expr 
	expr:  expr '%' expr.    (80)
	expr:  expr.'&' expr 
	expr:  expr.tokLSH expr 
	expr:  expr.tokRSH expr 
	expr:  expr.tokSquiggleArrow expr 
	expr:  expr.'.' tokIdent 
	expr:  expr.'[' expr ']' 

	'('  shift 60
	'['  shift 78
	'.'  shift 77
	.  reduce 80 (src line 461)


state 144
	expr:  expr.'(' applyargs ')' 
	expr:  expr.tokOrOr expr 
	expr:  expr.tokAndAnd expr 
	expr:  expr.'<' expr 
	expr:  expr.'>' expr 
	expr:  expr.tokLE expr 
	expr:  expr.tokGE expr 
	expr:  expr.tokNE expr 
	expr:  expr.tokEqEq expr 
	expr:  expr.'+' expr 
	expr:  expr.'*' expr 
	expr:  expr.'/' expr 
	expr:  expr.'%' expr 
	expr:  expr.'&' expr 
	expr:  expr '&' expr.    (81)
	expr:  expr.tokLSH expr 
	expr:  expr.tokRSH expr 
	expr:  expr.tokSquiggleArrow expr 
	expr:  expr.'.' tokIdent 
	expr:  expr.'[' expr ']' 

	'('  shift 60
	'['  shift 78
	'.'  shift 77
	.  reduce 81 (src line 463)


state 145
	expr:  expr.'(' applyargs ')' 
	expr:  expr.tokOrOr expr 
	expr:  expr.tokAndAnd expr 
	expr:  expr.'<' expr 
	expr:  expr.'>' expr 
	expr:  expr.tokLE expr 
	expr:  expr.tokGE expr 
	expr:  expr.tokNE expr 
	expr:  expr.tokEqEq expr 
	expr:  expr.'+' expr 
	expr:  expr.'*' expr 
	expr:  expr.'/' expr 
	expr:  expr.'%' expr 
	expr:  expr.'&' expr 
	expr:  expr.tokLSH expr 
	expr:  expr tokLSH expr.    (82)
	expr:  expr.tokRSH expr 
	expr:  expr.tokSquiggleArrow expr 
	expr:  expr.'.' tokIdent 
	expr:  expr.'[' expr ']' 

	'('  shift 60
	'['  shift 78
	'.'  shift 77
	.  reduce 82 (src line 465)


state 146
	expr:  expr.'(' applyargs ')' 
	expr:  expr.tokOrOr expr 
	expr:  expr.tokAndAnd expr 
	expr:  expr.'<' expr 
	expr:  expr.'>' expr 
	expr:  expr.tokLE expr 
	expr:  expr.tokGE expr 
	expr:  expr.tokNE expr 
	expr:  expr.tokEqEq expr 
	expr:  expr.'+' expr 
	expr:  expr.'*' expr 
	expr:  expr.'/' expr 
	expr:  expr.'%' expr 
	expr:  expr.'&' expr 
	expr:  expr.tokLSH expr 
	expr:  expr.tokRSH expr 
	expr:  expr tokRSH expr.    (83)
	expr:  expr.tokSquiggleArrow expr 
	expr:  expr.'.' tokIdent 
	expr:  expr.'[' expr ']' 

	'('  shift 60
	'['  shift 78
	'.'  shift 77
	.  reduce 83 (src line 467)


state 147
	expr:  expr.'(' applyargs ')' 
	expr:  expr.tokOrOr expr 
	expr:  expr.tokAndAnd expr 
	expr:  expr.'<' expr 
	expr:  expr.'>' expr 
	expr:  expr.tokLE expr 
	expr:  expr.tokGE expr 
	expr:  expr.tokNE expr 
	expr:  expr.tokEqEq expr 
	expr:  expr.'+' expr 
	expr:  expr.'*' expr 
	expr:  expr.'/' expr 
	expr:  expr.'%' expr 
	expr:  expr.'&' expr 
	expr:  expr.tokLSH expr 
	expr:  expr.tokRSH expr 
	expr:  expr.tokSquiggleArrow expr 
	expr:  expr tokSquiggleArrow expr.    (84)
	expr:  expr.'.' tokIdent 
	expr:  expr.'[' expr ']' 

	'('  shift 60
	'['  shift 78
	tokOrOr  shift 61
	tokAndAnd  shift 62
	tokLE  shift 65
	tokGE  shift 66
	tokNE  shift 67
	tokEqEq  shift 68
	tokLSH  shift 74
	tokRSH  shift 75
	'<'  shift 63
	'>'  shift 64
	'+'  shift 69
	'*'  shift 70
	'/'  shift 71
	'%'  shift 72
	'&'  shift 73
	'.'  shift 77
	.  reduce 84 (src line 469)


state 148
	expr:  expr '.' tokIdent.    (86)

	.  reduce 86 (src line 473)


state 149
	expr:  expr.'(' applyargs ')' 
	expr:  expr.tokOrOr expr 
	expr:  expr.tokAndAnd expr 
	expr:  expr.'<' expr 
	expr:  expr.'>' expr 
	expr:  expr.tokLE expr 
	expr:  expr.tokGE expr 
	expr:  expr.tokNE expr 
	expr:  expr.tokEqEq expr 
	expr:  expr.'+' expr 
	expr:  expr.'*' expr 
	expr:  expr.'/' expr 
	expr:  expr.'%' expr 
	expr:  expr.'&' expr 
	expr:  expr.tokLSH expr 
	expr:  expr.tokRSH expr 
	expr:  expr.tokSquiggleArrow expr 
	expr:  expr.'.' tokIdent 
	expr:  expr.'[' expr ']' 
	expr:  expr '[' expr.']' 

	'('  shift 60
	'['  shift 78
	tokOrOr  shift 61
	tokAndAnd  shift 62
	tokLE  shift 65
	tokGE  shift 66
	tokNE  shift 67
	tokEqEq  shift 68
	tokLSH  shift 74
	tokRSH  shift 75
	tokSquiggleArrow  shift 76
	'<'  shift 63
	'>'  shift 64
	'+'  shift 69
	'*'  shift 70
	'/'  shift 71
	'%'  shift 72
	'&'  shift 73
	'.'  shift 77
	']'  shift 215
	.  error


state 150
	expr:  tokIf expr ifelseblock.tokElse ifelseblock 

	tokElse  shift 216
	.  error


state 151
	ifelseblock:  '{'.defs expr maybeColon '}' 
	defs: .    (41)

	.  reduce 41 (src line 307)

	defs  goto 217

state 152
	term:  tokFunc '(' funcargs.')' tokArrow expr 
	term:  tokFunc '(' funcargs.')' type tokArrow expr 

	')'  shift 218
	.  error


state 153
	typefields:  typefields.',' typefield 
	funcargs:  typefields.    (136)

	','  shift 187
	.  reduce 136 (src line 604)


state 154
	commadefs:  commadefs.',' commadef 
	term:  tokExec '(' commadefs.')' type tokTemplate 

	')'  shift 220
	','  shift 219
	.  error


state 155
	commadefs:  commadef.    (46)

	.  reduce 46 (src line 320)


state 156
	commadef:  def.    (48)

	.  reduce 48 (src line 325)


state 157
	commadef:  tokIdent.    (49)
	valdef:  tokIdent.tokAssign expr 

	tokAssign  shift 127
	.  reduce 49 (src line 326)


state 158
	term:  tokMake '(' tokExpr.')' 
	term:  tokMake '(' tokExpr.',' commadefs ')' 

	')'  shift 221
	','  shift 222
	.  error


state 159
	term:  '(' expr ','.tupleargs ')' 

	tokIdent  shift 17
	tokExpr  shift 16
	tokFile  shift 18
	tokDir  shift 19
	tokExec  shift 21
	tokFunc  shift 20
	tokIf  shift 12
	tokMake  shift 22
	tokLen  shift 27
	tokPanic  shift 33
	tokMap  shift 31
	tokList  shift 32
	tokZip  shift 28
	tokUnzip  shift 29
	tokFlatten  shift 30
	'{'  shift 24
	'('  shift 23
	'['  shift 25
	'-'  shift 15
	'!'  shift 14
	.  error

	expr  goto 224
	factor  goto 11
	term  goto 13
	exprblock  goto 26
	tupleargs  goto 223

state 160
	term:  '(' expr ')'.    (108)

	.  reduce 108 (src line 529)


state 161
	term:  '{' structfieldargs commaOk.'}' 

	'}'  shift 225
	.  error


state 162
	structfieldargs:  structfieldargs ','.structfieldarg 
	commaOk:  ','.    (146)

	tokIdent  shift 227
	.  reduce 146 (src line 630)

	structfieldarg  goto 226

state 163
	defs1:  defs1 def.';' 

	';'  shift 228
	.  error


state 164
	expr:  expr.'(' applyargs ')' 
	expr:  expr.tokOrOr expr 
	expr:  expr.tokAndAnd expr 
	expr:  expr.'<' expr 
	expr:  expr.'>' expr 
	expr:  expr.tokLE expr 
	expr:  expr.tokGE expr 
	expr:  expr.tokNE expr 
	expr:  expr.tokEqEq expr 
	expr:  expr.'+' expr 
	expr:  expr.'*' expr 
	expr:  expr.'/' expr 
	expr:  expr.'%' expr 
	expr:  expr.'&' expr 
	expr:  expr.tokLSH expr 
	expr:  expr.tokRSH expr 
	expr:  expr.tokSquiggleArrow expr 
	expr:  expr.'.' tokIdent 
	expr:  expr.'[' expr ']' 
	exprblock:  '{' defs1 expr.maybeColon '}' 
	maybeColon: .    (119)

	'('  shift 60
	'['  shift 78
	tokOrOr  shift 61
	tokAndAnd  shift 62
	tokLE  shift 65
	tokGE  shift 66
	tokNE  shift 67
	tokEqEq  shift 68
	tokLSH  shift 74
	tokRSH  shift 75
	tokSquiggleArrow  shift 76
	'<'  shift 63
	'>'  shift 64
	'+'  shift 69
	'*'  shift 70
	'/'  shift 71
	'%'  shift 72
	'&'  shift 73
	'.'  shift 77
	';'  shift 230
	.  reduce 119 (src line 555)

	maybeColon  goto 229

state 165
	valdef:  tokIdent.tokAssign expr 
	term:  tokIdent.    (92)

	tokAssign  shift 127
	.  reduce 92 (src line 486)


state 166
	valdef:  tokFunc.tokIdent '(' funcargs ')' '=' expr 
	valdef:  tokFunc.tokIdent '(' funcargs ')' type '=' expr 
	term:  tokFunc.'(' funcargs ')' tokArrow expr 
	term:  tokFunc.'(' funcargs ')' type tokArrow expr 

	tokIdent  shift 128
	'('  shift 82
	.  error


state 167
	defs1:  def ';'.    (43)

	.  reduce 43 (src line 312)


state 168
	structfieldarg:  tokIdent ':'.expr 

	tokIdent  shift 17
	tokExpr  shift 16
	tokFile  shift 18
	tokDir  shift 19
	tokExec  shift 21
	tokFunc  shift 20
	tokIf  shift 12
	tokMake  shift 22
	tokLen  shift 27
	tokPanic  shift 33
	tokMap  shift 31
	tokList  shift 32
	tokZip  shift 28
	tokUnzip  shift 29
	tokFlatten  shift 30
	'{'  shift 24
	'('  shift 23
	'['  shift 25
	'-'  shift 15
	'!'  shift 14
	.  error

	expr  goto 231
	factor  goto 11
	term  goto 13
	exprblock  goto 26

state 169
	term:  '[' listargs commaOk.']' 
	term:  '[' listargs commaOk.listappendargs commaOk ']' 

	tokEllipsis  shift 234
	']'  shift 232
	.  error

	listappendargs  goto 233

state 170
	listargs:  listargs ','.expr 
	commaOk:  ','.    (146)

	tokIdent  shift 17
	tokExpr  shift 16
	tokFile  shift 18
	tokDir  shift 19
	tokExec  shift 21
	tokFunc  shift 20
	tokIf  shift 12
	tokMake  shift 22
	tokLen  shift 27
	tokPanic  shift 33
	tokMap  shift 31
	tokList  shift 32
	tokZip  shift 28
	tokUnzip  shift 29
	tokFlatten  shift 30
	'{'  shift 24
	'('  shift 23
	'['  shift 25
	'-'  shift 15
	'!'  shift 14
	.  reduce 146 (src line 630)

	expr  goto 235
	factor  goto 11
	term  goto 13
	exprblock  goto 26

state 171
	term:  '[' ':' ']'.    (104)

	.  reduce 104 (src line 516)


state 172
	term:  '[' mapargs commaOk.']' 
	term:  '[' mapargs commaOk.listappendargs commaOk ']' 

	tokEllipsis  shift 234
	']'  shift 236
	.  error

	listappendargs  goto 237

state 173
	mapargs:  mapargs ','.expr ':' expr 
	commaOk:  ','.    (146)

	tokIdent  shift 17
	tokExpr  shift 16
	tokFile  shift 18
	tokDir  shift 19
	tokExec  shift 21
	tokFunc  shift 20
	tokIf  shift 12
	tokMake  shift 22
	tokLen  shift 27
	tokPanic  shift 33
	tokMap  shift 31
	tokList  shift 32
	tokZip  shift 28
	tokUnzip  shift 29
	tokFlatten  shift 30
	'{'  shift 24
	'('  shift 23
	'['  shift 25
	'-'  shift 15
	'!'  shift 14
	.  reduce 146 (src line 630)

	expr  goto 238
	factor  goto 11
	term  goto 13
	exprblock  goto 26

state 174
	term:  '[' expr '|'.pat tokLeftArrow expr ']' 

	tokIdent  shift 122
	'{'  shift 126
	'('  shift 124
	'['  shift 125
	'_'  shift 123
	.  error

	pat  goto 239

state 175
	mapargs:  expr ':'.expr 

	tokIdent  shift 17
	tokExpr  shift 16
	tokFile  shift 18
	tokDir  shift 19
	tokExec  shift 21
	tokFunc  shift 20
	tokIf  shift 12
	tokMake  shift 22
	tokLen  shift 27
	tokPanic  shift 33
	tokMap  shift 31
	tokList  shift 32
	tokZip  shift 28
	tokUnzip  shift 29
	tokFlatten  shift 30
	'{'  shift 24
	'('  shift 23
	'['  shift 25
	'-'  shift 15
	'!'  shift 14
	.  error

	expr  goto 240
	factor  goto 11
	term  goto 13
	exprblock  goto 26

state 176
	expr:  expr.'(' applyargs ')' 
	expr:  expr.tokOrOr expr 
	expr:  expr.tokAndAnd expr 
	expr:  expr.'<' expr 
	expr:  expr.'>' expr 
	expr:  expr.tokLE expr 
	expr:  expr.tokGE expr 
	expr:  expr.tokNE expr 
	expr:  expr.tokEqEq expr 
	expr:  expr.'+' expr 
	expr:  expr.'*' expr 
	expr:  expr.'/' expr 
	expr:  expr.'%' expr 
	expr:  expr.'&' expr 
	expr:  expr.tokLSH expr 
	expr:  expr.tokRSH expr 
	expr:  expr.tokSquiggleArrow expr 
	expr:  expr.'.' tokIdent 
	expr:  expr.'[' expr ']' 
	term:  tokLen '(' expr.')' 

	'('  shift 60
	'['  shift 78
	tokOrOr  shift 61
	tokAndAnd  shift 62
	tokLE  shift 65
	tokGE  shift 66
	tokNE  shift 67
	tokEqEq  shift 68
	tokLSH  shift 74
	tokRSH  shift 75
	tokSquiggleArrow  shift 76
	'<'  shift 63
	'>'  shift 64
	'+'  shift 69
	'*'  shift 70
	'/'  shift 71
	'%'  shift 72
	'&'  shift 73
	'.'  shift 77
	')'  shift 241
	.  error


state 177
	expr:  expr.'(' applyargs ')' 
	expr:  expr.tokOrOr expr 
	expr:  expr.tokAndAnd expr 
	expr:  expr.'<' expr 
	expr:  expr.'>' expr 
	expr:  expr.tokLE expr 
	expr:  expr.tokGE expr 
	expr:  expr.tokNE expr 
	expr:  expr.tokEqEq expr 
	expr:  expr.'+' expr 
	expr:  expr.'*' expr 
	expr:  expr.'/' expr 
	expr:  expr.'%' expr 
	expr:  expr.'&' expr 
	expr:  expr.tokLSH expr 
	expr:  expr.tokRSH expr 
	expr:  expr.tokSquiggleArrow expr 
	expr:  expr.'.' tokIdent 
	expr:  expr.'[' expr ']' 
	term:  tokZip '(' expr.',' expr ')' 

	'('  shift 60
	'['  shift 78
	tokOrOr  shift 61
	tokAndAnd  shift 62
	tokLE  shift 65
	tokGE  shift 66
	tokNE  shift 67
	tokEqEq  shift 68
	tokLSH  shift 74
	tokRSH  shift 75
	tokSquiggleArrow  shift 76
	'<'  shift 63
	'>'  shift 64
	'+'  shift 69
	'*'  shift 70
	'/'  shift 71
	'%'  shift 72
	'&'  shift 73
	'.'  shift 77
	','  shift 242
	.  error


state 178
	expr:  expr.'(' applyargs ')' 
	expr:  expr.tokOrOr expr 
	expr:  expr.tokAndAnd expr 
	expr:  expr.'<' expr 
	expr:  expr.'>' expr 
	expr:  expr.tokLE expr 
	expr:  expr.tokGE expr 
	expr:  expr.tokNE expr 
	expr:  expr.tokEqEq expr 
	expr:  expr.'+' expr 
	expr:  expr.'*' expr 
	expr:  expr.'/' expr 
	expr:  expr.'%' expr 
	expr:  expr.'&' expr 
	expr:  expr.tokLSH expr 
	expr:  expr.tokRSH expr 
	expr:  expr.tokSquiggleArrow expr 
	expr:  expr.'.' tokIdent 
	expr:  expr.'[' expr ']' 
	term:  tokUnzip '(' expr.')' 

	'('  shift 60
	'['  shift 78
	tokOrOr  shift 61
	tokAndAnd  shift 62
	tokLE  shift 65
	tokGE  shift 66
	tokNE  shift 67
	tokEqEq  shift 68
	tokLSH  shift 74
	tokRSH  shift 75
	tokSquiggleArrow  shift 76
	'<'  shift 63
	'>'  shift 64
	'+'  shift 69
	'*'  shift 70
	'/'  shift 71
	'%'  shift 72
	'&'  shift 73
	'.'  shift 77
	')'  shift 243
	.  error


state 179
	expr:  expr.'(' applyargs ')' 
	expr:  expr.tokOrOr expr 
	expr:  expr.tokAndAnd expr 
	expr:  expr.'<' expr 
	expr:  expr.'>' expr 
	expr:  expr.tokLE expr 
	expr:  expr.tokGE expr 
	expr:  expr.tokNE expr 
	expr:  expr.tokEqEq expr 
	expr:  expr.'+' expr 
	expr:  expr.'*' expr 
	expr:  expr.'/' expr 
	expr:  expr.'%' expr 
	expr:  expr.'&' expr 
	expr:  expr.tokLSH expr 
	expr:  expr.tokRSH expr 
	expr:  expr.tokSquiggleArrow expr 
	expr:  expr.'.' tokIdent 
	expr:  expr.'[' expr ']' 
	term:  tokFlatten '(' expr.')' 

	'('  shift 60
	'['  shift 78
	tokOrOr  shift 61
	tokAndAnd  shift 62
	tokLE  shift 65
	tokGE  shift 66
	tokNE  shift 67
	tokEqEq  shift 68
	tokLSH  shift 74
	tokRSH  shift 75
	tokSquiggleArrow  shift 76
	'<'  shift 63
	'>'  shift 64
	'+'  shift 69
	'*'  shift 70
	'/'  shift 71
	'%'  shift 72
	'&'  shift 73
	'.'  shift 77
	')'  shift 244
	.  error


state 180
	expr:  expr.'(' applyargs ')' 
	expr:  expr.tokOrOr expr 
	expr:  expr.tokAndAnd expr 
	expr:  expr.'<' expr 
	expr:  expr.'>' expr 
	expr:  expr.tokLE expr 
	expr:  expr.tokGE expr 
	expr:  expr.tokNE expr 
	expr:  expr.tokEqEq expr 
	expr:  expr.'+' expr 
	expr:  expr.'*' expr 
	expr:  expr.'/' expr 
	expr:  expr.'%' expr 
	expr:  expr.'&' expr 
	expr:  expr.tokLSH expr 
	expr:  expr.tokRSH expr 
	expr:  expr.tokSquiggleArrow expr 
	expr:  expr.'.' tokIdent 
	expr:  expr.'[' expr ']' 
	term:  tokMap '(' expr.')' 

	'('  shift 60
	'['  shift 78
	tokOrOr  shift 61
	tokAndAnd  shift 62
	tokLE  shift 65
	tokGE  shift 66
	tokNE  shift 67
	tokEqEq  shift 68
	tokLSH  shift 74
	tokRSH  shift 75
	tokSquiggleArrow  shift 76
	'<'  shift 63
	'>'  shift 64
	'+'  shift 69
	'*'  shift 70
	'/'  shift 71
	'%'  shift 72
	'&'  shift 73
	'.'  shift 77
	')'  shift 245
	.  error


state 181
	expr:  expr.'(' applyargs ')' 
	expr:  expr.tokOrOr expr 
	expr:  expr.tokAndAnd expr 
	expr:  expr.'<' expr 
	expr:  expr.'>' expr 
	expr:  expr.tokLE expr 
	expr:  expr.tokGE expr 
	expr:  expr.tokNE expr 
	expr:  expr.tokEqEq expr 
	expr:  expr.'+' expr 
	expr:  expr.'*' expr 
	expr:  expr.'/' expr 
	expr:  expr.'%' expr 
	expr:  expr.'&' expr 
	expr:  expr.tokLSH expr 
	expr:  expr.tokRSH expr 
	expr:  expr.tokSquiggleArrow expr 
	expr:  expr.'.' tokIdent 
	expr:  expr.'[' expr ']' 
	term:  tokList '(' expr.')' 

	'('  shift 60
	'['  shift 78
	tokOrOr  shift 61
	tokAndAnd  shift 62
	tokLE  shift 65
	tokGE  shift 66
	tokNE  shift 67
	tokEqEq  shift 68
	tokLSH  shift 74
	tokRSH  shift 75
	tokSquiggleArrow  shift 76
	'<'  shift 63
	'>'  shift 64
	'+'  shift 69
	'*'  shift 70
	'/'  shift 71
	'%'  shift 72
	'&'  shift 73
	'.'  shift 77
	')'  shift 246
	.  error


state 182
	expr:  expr.'(' applyargs ')' 
	expr:  expr.tokOrOr expr 
	expr:  expr.tokAndAnd expr 
	expr:  expr.'<' expr 
	expr:  expr.'>' expr 
	expr:  expr.tokLE expr 
	expr:  expr.tokGE expr 
	expr:  expr.tokNE expr 
	expr:  expr.tokEqEq expr 
	expr:  expr.'+' expr 
	expr:  expr.'*' expr 
	expr:  expr.'/' expr 
	expr:  expr.'%' expr 
	expr:  expr.'&' expr 
	expr:  expr.tokLSH expr 
	expr:  expr.tokRSH expr 
	expr:  expr.tokSquiggleArrow expr 
	expr:  expr.'.' tokIdent 
	expr:  expr.'[' expr ']' 
	term:  tokPanic '(' expr.')' 

	'('  shift 60
	'['  shift 78
	tokOrOr  shift 61
	tokAndAnd  shift 62
	tokLE  shift 65
	tokGE  shift 66
	tokNE  shift 67
	tokEqEq  shift 68
	tokLSH  shift 74
	tokRSH  shift 75
	tokSquiggleArrow  shift 76
	'<'  shift 63
	'>'  shift 64
	'+'  shift 69
	'*'  shift 70
	'/'  shift 71
	'%'  shift 72
	'&'  shift 73
	'.'  shift 77
	')'  shift 247
	.  error


state 183
	identSelector:  identSelector '.' tokIdent.    (6)

	.  reduce 6 (src line 147)


state 184
	type:  '[' type ']'.    (13)

	.  reduce 13 (src line 157)


state 185
	type:  '[' type ':'.type ']' 

	tokIdent  shift 46
	tokInt  shift 35
	tokString  shift 36
	tokBool  shift 37
	tokFile  shift 38
	tokDir  shift 39
	tokModule  shift 43
	tokFunc  shift 45
	'{'  shift 42
	'('  shift 44
	'['  shift 41
	.  error

	identSelector  goto 40
	type  goto 248

state 186
	type:  '{' typefields '}'.    (15)

	.  reduce 15 (src line 160)


state 187
	typefields:  typefields ','.typefield 

	tokIdent  shift 108
	.  error

	typefield  goto 249
	typefieldidents  goto 107

state 188
	typefieldidents:  typefieldidents ','.tokIdent 

	tokIdent  shift 250
	.  error


state 189
	typefield:  typefieldidents type.    (21)

	.  reduce 21 (src line 185)


state 190
	type:  tokModule '{' typefields.'}' 
	typefields:  typefields.',' typefield 

	'}'  shift 251
	','  shift 187
	.  error


state 191
	type:  '(' typeargs ')'.    (17)

	.  reduce 17 (src line 164)


state 192
	typearglist:  typearglist ','.typearg 

	tokIdent  shift 46
	tokInt  shift 35
	tokString  shift 36
	tokBool  shift 37
	tokFile  shift 38
	tokDir  shift 39
	tokModule  shift 43
	tokFunc  shift 45
	'{'  shift 42
	'('  shift 44
	'['  shift 41
	.  error

	identSelector  goto 40
	type  goto 113
	typearg  goto 252

state 193
	typearg:  type type.    (25)

	.  reduce 25 (src line 202)


state 194
	type:  tokFunc '(' typeargs.')' type 

	')'  shift 253
	.  error


state 195
	params:  params param ';'.    (141)

	.  reduce 141 (src line 619)


state 196
	param:  tokParam paramdef.    (143)

	.  reduce 143 (src line 624)


state 197
	param:  tokParam '('.paramdefs ')' 
	paramdefs: .    (50)

	.  reduce 50 (src line 337)

	paramdefs  goto 254

state 198
	paramdef:  idents.type 
	paramdef:  idents.'=' expr 
	paramdef:  idents.type '=' expr 
	idents:  idents.',' tokIdent 

	tokIdent  shift 46
	tokInt  shift 35
	tokString  shift 36
	tokBool  shift 37
	tokFile  shift 38
	tokDir  shift 39
	tokModule  shift 43
	tokFunc  shift 45
	'{'  shift 42
	'('  shift 44
	'['  shift 41
	','  shift 257
	'='  shift 256
	.  error

	identSelector  goto 40
	type  goto 255

state 199
	idents:  tokIdent.    (65)

	.  reduce 65 (src line 428)


state 200
	valdef:  tokAt tokRequires '('.commadefs ')' semiOk valdef 
	commadefs: .    (45)

	tokIdent  shift 157
	tokAt  shift 54
	tokVal  shift 55
	tokFunc  shift 57
	tokType  shift 58
	.  reduce 45 (src line 318)

	commadefs  goto 258
	valdef  goto 52
	typedef  goto 53
	def  goto 156
	commadef  goto 155

state 201
	val:  pat '='.expr 

	tokIdent  shift 17
	tokExpr  shift 16
	tokFile  shift 18
	tokDir  shift 19
	tokExec  shift 21
	tokFunc  shift 20
	tokIf  shift 12
	tokMake  shift 22
	tokLen  shift 27
	tokPanic  shift 33
	tokMap  shift 31
	tokList  shift 32
	tokZip  shift 28
	tokUnzip  shift 29
	tokFlatten  shift 30
	'{'  shift 24
	'('  shift 23
	'['  shift 25
	'-'  shift 15
	'!'  shift 14
	.  error

	expr  goto 259
	factor  goto 11
	term  goto 13
	exprblock  goto 26

state 202
	val:  pat type.'=' expr 

	'='  shift 260
	.  error


state 203
	pat:  '(' tuplepatargs.')' 
	tuplepatargs:  tuplepatargs.',' pat 

	')'  shift 261
	','  shift 262
	.  error


state 204
	tuplepatargs:  pat.    (35)

	.  reduce 35 (src line 278)


state 205
	pat:  '[' listpatargs.']' 

	']'  shift 263
	.  error


state 206
	listpatargs:  tuplepatargs.    (34)
	tuplepatargs:  tuplepatargs.',' pat 

	','  shift 262
	.  reduce 34 (src line 275)


state 207
	pat:  '{' structpatargs.'}' 
	structpatargs:  structpatargs.',' structpat 

	'}'  shift 264
	','  shift 265
	.  error


state 208
	structpatargs:  structpat.    (37)

	.  reduce 37 (src line 284)


state 209
	structpat:  tokIdent.    (39)
	structpat:  tokIdent.':' pat 

	':'  shift 266
	.  reduce 39 (src line 293)


state 210
	valdef:  tokIdent tokAssign expr.    (56)
	expr:  expr.'(' applyargs ')' 
	expr:  expr.tokOrOr expr 
	expr:  expr.tokAndAnd expr 
	expr:  expr.'<' expr 
	expr:  expr.'>' expr 
	expr:  expr.tokLE expr 
	expr:  expr.tokGE expr 
	expr:  expr.tokNE expr 
	expr:  expr.tokEqEq expr 
	expr:  expr.'+' expr 
	expr:  expr.'*' expr 
	expr:  expr.'/' expr 
	expr:  expr.'%' expr 
	expr:  expr.'&' expr 
	expr:  expr.tokLSH expr 
	expr:  expr.tokRSH expr 
	expr:  expr.tokSquiggleArrow expr 
	expr:  expr.'.' tokIdent 
	expr:  expr.'[' expr ']' 

	'('  shift 60
	'['  shift 78
	tokOrOr  shift 61
	tokAndAnd  shift 62
	tokLE  shift 65
	tokGE  shift 66
	tokNE  shift 67
	tokEqEq  shift 68
	tokLSH  shift 74
	tokRSH  shift 75
	tokSquiggleArrow  shift 76
	'<'  shift 63
	'>'  shift 64
	'+'  shift 69
	'*'  shift 70
	'/'  shift 71
	'%'  shift 72
	'&'  shift 73
	'.'  shift 77
	.  reduce 56 (src line 355)


state 211
	valdef:  tokFunc tokIdent '('.funcargs ')' '=' expr 
	valdef:  tokFunc tokIdent '('.funcargs ')' type '=' expr 

	tokIdent  shift 108
	.  error

	typefields  goto 153
	typefield  goto 106
	funcargs  goto 267
	typefieldidents  goto 107

state 212
	typedef:  tokType tokIdent type.    (59)

	.  reduce 59 (src line 369)


state 213
	expr:  expr '(' applyargs ')'.    (68)

	.  reduce 68 (src line 437)


state 214
	applyargs:  applyargs ','.expr 

	tokIdent  shift 17
	tokExpr  shift 16
	tokFile  shift 18
	tokDir  shift 19
	tokExec  shift 21
	tokFunc  shift 20
	tokIf  shift 12
	tokMake  shift 22
	tokLen  shift 27
	tokPanic  shift 33
	tokMap  shift 31
	tokList  shift 32
	tokZip  shift 28
	tokUnzip  shift 29
	tokFlatten  shift 30
	'{'  shift 24
	'('  shift 23
	'['  shift 25
	'-'  shift 15
	'!'  shift 14
	.  error

	expr  goto 268
	factor  goto 11
	term  goto 13
	exprblock  goto 26

state 215
	expr:  expr '[' expr ']'.    (87)

	.  reduce 87 (src line 475)


state 216
	expr:  tokIf expr ifelseblock tokElse.ifelseblock 

	'{'  shift 151
	.  error

	ifelseblock  goto 269

state 217
	defs:  defs.def ';' 
	ifelseblock:  '{' defs.expr maybeColon '}' 

	tokIdent  shift 165
	tokExpr  shift 16
	tokFile  shift 18
	tokDir  shift 19
	tokExec  shift 21
	tokAt  shift 54
	tokVal  shift 55
	tokFunc  shift 166
	tokIf  shift 12
	tokMake  shift 22
	tokLen  shift 27
	tokPanic  shift 33
	tokMap  shift 31
	tokList  shift 32
	tokZip  shift 28
	tokUnzip  shift 29
	tokFlatten  shift 30
	tokType  shift 58
	'{'  shift 24
	'('  shift 23
	'['  shift 25
	'-'  shift 15
	'!'  shift 14
	.  error

	valdef  goto 52
	typedef  goto 53
	def  goto 51
	expr  goto 270
	factor  goto 11
	term  goto 13
	exprblock  goto 26

state 218
	term:  tokFunc '(' funcargs ')'.tokArrow expr 
	term:  tokFunc '(' funcargs ')'.type tokArrow expr 

	tokIdent  shift 46
	tokInt  shift 35
	tokString  shift 36
	tokBool  shift 37
	tokFile  shift 38
	tokDir  shift 39
	tokModule  shift 43
	tokFunc  shift 45
	tokArrow  shift 271
	'{'  shift 42
	'('  shift 44
	'['  shift 41
	.  error

	identSelector  goto 40
	type  goto 272

state 219
	commadefs:  commadefs ','.commadef 

	tokIdent  shift 157
	tokAt  shift 54
	tokVal  shift 55
	tokFunc  shift 57
	tokType  shift 58
	.  error

	valdef  goto 52
	typedef  goto 53
	def  goto 156
	commadef  goto 273

state 220
	term:  tokExec '(' commadefs ')'.type tokTemplate 

	tokIdent  shift 46
	tokInt  shift 35
	tokString  shift 36
	tokBool  shift 37
	tokFile  shift 38
	tokDir  shift 39
	tokModule  shift 43
	tokFunc  shift 45
	'{'  shift 42
	'('  shift 44
	'['  shift 41
	.  error

	identSelector  goto 40
	type  goto 274

state 221
	term:  tokMake '(' tokExpr ')'.    (98)

	.  reduce 98 (src line 499)


state 222
	term:  tokMake '(' tokExpr ','.commadefs ')' 
	commadefs: .    (45)

	tokIdent  shift 157
	tokAt  shift 54
	tokVal  shift 55
	tokFunc  shift 57
	tokType  shift 58
	.  reduce 45 (src line 318)

	commadefs  goto 275
	valdef  goto 52
	typedef  goto 53
	def  goto 156
	commadef  goto 155

state 223
	term:  '(' expr ',' tupleargs.')' 
	tupleargs:  tupleargs.',' expr 

	')'  shift 276
	','  shift 277
	.  error


state 224
	expr:  expr.'(' applyargs ')' 
	expr:  expr.tokOrOr expr 
	expr:  expr.tokAndAnd expr 
	expr:  expr.'<' expr 
	expr:  expr.'>' expr 
	expr:  expr.tokLE expr 
	expr:  expr.tokGE expr 
	expr:  expr.tokNE expr 
	expr:  expr.tokEqEq expr 
	expr:  expr.'+' expr 
	expr:  expr.'*' expr 
	expr:  expr.'/' expr 
	expr:  expr.'%' expr 
	expr:  expr.'&' expr 
	expr:  expr.tokLSH expr 
	expr:  expr.tokRSH expr 
	expr:  expr.tokSquiggleArrow expr 
	expr:  expr.'.' tokIdent 
	expr:  expr.'[' expr ']' 
	tupleargs:  expr.    (130)

	'('  shift 60
	'['  shift 78
	tokOrOr  shift 61
	tokAndAnd  shift 62
	tokLE  shift 65
	tokGE  shift 66
	tokNE  shift 67
	tokEqEq  shift 68
	tokLSH  shift 74
	tokRSH  shift 75
	tokSquiggleArrow  shift 76
	'<'  shift 63
	'>'  shift 64
	'+'  shift 69
	'*'  shift 70
	'/'  shift 71
	'%'  shift 72
	'&'  shift 73
	'.'  shift 77
	.  reduce 130 (src line 583)


state 225
	term:  '{' structfieldargs commaOk '}'.    (101)

	.  reduce 101 (src line 505)


state 226
	structfieldargs:  structfieldargs ',' structfieldarg.    (122)

	.  reduce 122 (src line 561)


state 227
	structfieldarg:  tokIdent.    (123)
	structfieldarg:  tokIdent.':' expr 

	':'  shift 168
	.  reduce 123 (src line 564)


state 228
	defs1:  defs1 def ';'.    (44)

	.  reduce 44 (src line 315)


state 229
	exprblock:  '{' defs1 expr maybeColon.'}' 

	'}'  shift 278
	.  error


state 230
	maybeColon:  ';'.    (120)

	.  reduce 120 (src line 556)


state 231
	expr:  expr.'(' applyargs ')' 
	expr:  expr.tokOrOr expr 
	expr:  expr.tokAndAnd expr 
	expr:  expr.'<' expr 
	expr:  expr.'>' expr 
	expr:  expr.tokLE expr 
	expr:  expr.tokGE expr 
	expr:  expr.tokNE expr 
	expr:  expr.tokEqEq expr 
	expr:  expr.'+' expr 
	expr:  expr.'*' expr 
	expr:  expr.'/' expr 
	expr:  expr.'%' expr 
	expr:  expr.'&' expr 
	expr:  expr.tokLSH expr 
	expr:  expr.tokRSH expr 
	expr:  expr.tokSquiggleArrow expr 
	expr:  expr.'.' tokIdent 
	expr:  expr.'[' expr ']' 
	structfieldarg:  tokIdent ':' expr.    (124)

	'('  shift 60
	'['  shift 78
	tokOrOr  shift 61
	tokAndAnd  shift 62
	tokLE  shift 65
	tokGE  shift 66
	tokNE  shift 67
	tokEqEq  shift 68
	tokLSH  shift 74
	tokRSH  shift 75
	tokSquiggleArrow  shift 76
	'<'  shift 63
	'>'  shift 64
	'+'  shift 69
	'*'  shift 70
	'/'  shift 71
	'%'  shift 72
	'&'  shift 73
	'.'  shift 77
	.  reduce 124 (src line 567)


state 232
	term:  '[' listargs commaOk ']'.    (102)

	.  reduce 102 (src line 507)


state 233
	term:  '[' listargs commaOk listappendargs.commaOk ']' 
	listappendargs:  listappendargs.tokEllipsis expr semiOk 
	commaOk: .    (145)

	tokEllipsis  shift 280
	','  shift 281
	.  reduce 145 (src line 629)

	commaOk  goto 279

state 234
	listappendargs:  tokEllipsis.expr semiOk 

	tokIdent  shift 17
	tokExpr  shift 16
	tokFile  shift 18
	tokDir  shift 19
	tokExec  shift 21
	tokFunc  shift 20
	tokIf  shift 12
	tokMake  shift 22
	tokLen  shift 27
	tokPanic  shift 33
	tokMap  shift 31
	tokList  shift 32
	tokZip  shift 28
	tokUnzip  shift 29
	tokFlatten  shift 30
	'{'  shift 24
	'('  shift 23
	'['  shift 25
	'-'  shift 15
	'!'  shift 14
	.  error

	expr  goto 282
	factor  goto 11
	term  goto 13
	exprblock  goto 26

state 235
	expr:  expr.'(' applyargs ')' 
	expr:  expr.tokOrOr expr 
	expr:  expr.tokAndAnd expr 
	expr:  expr.'<' expr 
	expr:  expr.'>' expr 
	expr:  expr.tokLE expr 
	expr:  expr.tokGE expr 
	expr:  expr.tokNE expr 
	expr:  expr.tokEqEq expr 
	expr:  expr.'+' expr 
	expr:  expr.'*' expr 
	expr:  expr.'/' expr 
	expr:  expr.'%' expr 
	expr:  expr.'&' expr 
	expr:  expr.tokLSH expr 
	expr:  expr.tokRSH expr 
	expr:  expr.tokSquiggleArrow expr 
	expr:  expr.'.' tokIdent 
	expr:  expr.'[' expr ']' 
	listargs:  listargs ',' expr.    (127)

	'('  shift 60
	'['  shift 78
	tokOrOr  shift 61
	tokAndAnd  shift 62
	tokLE  shift 65
	tokGE  shift 66
	tokNE  shift 67
	tokEqEq  shift 68
	tokLSH  shift 74
	tokRSH  shift 75
	tokSquiggleArrow  shift 76
	'<'  shift 63
	'>'  shift 64
	'+'  shift 69
	'*'  shift 70
	'/'  shift 71
	'%'  shift 72
	'&'  shift 73
	'.'  shift 77
	.  reduce 127 (src line 574)


state 236
	term:  '[' mapargs commaOk ']'.    (105)

	.  reduce 105 (src line 518)


state 237
	term:  '[' mapargs commaOk listappendargs.commaOk ']' 
	listappendargs:  listappendargs.tokEllipsis expr semiOk 
	commaOk: .    (145)

	tokEllipsis  shift 280
	','  shift 281
	.  reduce 145 (src line 629)

	commaOk  goto 283

state 238
	expr:  expr.'(' applyargs ')' 
	expr:  expr.tokOrOr expr 
	expr:  expr.tokAndAnd expr 
	expr:  expr.'<' expr 
	expr:  expr.'>' expr 
	expr:  expr.tokLE expr 
	expr:  expr.tokGE expr 
	expr:  expr.tokNE expr 
	expr:  expr.tokEqEq expr 
	expr:  expr.'+' expr 
	expr:  expr.'*' expr 
	expr:  expr.'/' expr 
	expr:  expr.'%' expr 
	expr:  expr.'&' expr 
	expr:  expr.tokLSH expr 
	expr:  expr.tokRSH expr 
	expr:  expr.tokSquiggleArrow expr 
	expr:  expr.'.' tokIdent 
	expr:  expr.'[' expr ']' 
	mapargs:  mapargs ',' expr.':' expr 

	'('  shift 60
	'['  shift 78
	tokOrOr  shift 61
	tokAndAnd  shift 62
	tokLE  shift 65
	tokGE  shift 66
	tokNE  shift 67
	tokEqEq  shift 68
	tokLSH  shift 74
	tokRSH  shift 75
	tokSquiggleArrow  shift 76
	'<'  shift 63
	'>'  shift 64
	'+'  shift 69
	'*'  shift 70
	'/'  shift 71
	'%'  shift 72
	'&'  shift 73
	'.'  shift 77
	':'  shift 284
	.  error


state 239
	term:  '[' expr '|' pat.tokLeftArrow expr ']' 

	tokLeftArrow  shift 285
	.  error


state 240
	expr:  expr.'(' applyargs ')' 
	expr:  expr.tokOrOr expr 
	expr:  expr.tokAndAnd expr 
	expr:  expr.'<' expr 
	expr:  expr.'>' expr 
	expr:  expr.tokLE expr 
	expr:  expr.tokGE expr 
	expr:  expr.tokNE expr 
	expr:  expr.tokEqEq expr 
	expr:  expr.'+' expr 
	expr:  expr.'*' expr 
	expr:  expr.'/' expr 
	expr:  expr.'%' expr 
	expr:  expr.'&' expr 
	expr:  expr.tokLSH expr 
	expr:  expr.tokRSH expr 
	expr:  expr.tokSquiggleArrow expr 
	expr:  expr.'.' tokIdent 
	expr:  expr.'[' expr ']' 
	mapargs:  expr ':' expr.    (134)

	'('  shift 60
	'['  shift 78
	tokOrOr  shift 61
	tokAndAnd  shift 62
	tokLE  shift 65
	tokGE  shift 66
	tokNE  shift 67
	tokEqEq  shift 68
	tokLSH  shift 74
	tokRSH  shift 75
	tokSquiggleArrow  shift 76
	'<'  shift 63
	'>'  shift 64
	'+'  shift 69
	'*'  shift 70
	'/'  shift 71
	'%'  shift 72
	'&'  shift 73
	'.'  shift 77
	.  reduce 134 (src line 595)


state 241
	term:  tokLen '(' expr ')'.    (110)

	.  reduce 110 (src line 532)


state 242
	term:  tokZip '(' expr ','.expr ')' 

	tokIdent  shift 17
	tokExpr  shift 16
	tokFile  shift 18
	tokDir  shift 19
	tokExec  shift 21
	tokFunc  shift 20
	tokIf  shift 12
	tokMake  shift 22
	tokLen  shift 27
	tokPanic  shift 33
	tokMap  shift 31
	tokList  shift 32
	tokZip  shift 28
	tokUnzip  shift 29
	tokFlatten  shift 30
	'{'  shift 24
	'('  shift 23
	'['  shift 25
	'-'  shift 15
	'!'  shift 14
	.  error

	expr  goto 286
	factor  goto 11
	term  goto 13
	exprblock  goto 26

state 243
	term:  tokUnzip '(' expr ')'.    (112)

	.  reduce 112 (src line 536)


state 244
	term:  tokFlatten '(' expr ')'.    (113)

	.  reduce 113 (src line 538)


state 245
	term:  tokMap '(' expr ')'.    (114)

	.  reduce 114 (src line 540)


state 246
	term:  tokList '(' expr ')'.    (115)

	.  reduce 115 (src line 542)


state 247
	term:  tokPanic '(' expr ')'.    (116)

	.  reduce 116 (src line 544)


state 248
	type:  '[' type ':' type.']' 

	']'  shift 287
	.  error


state 249
	typefields:  typefields ',' typefield.    (23)

	.  reduce 23 (src line 196)


state 250
	typefieldidents:  typefieldidents ',' tokIdent.    (20)

	.  reduce 20 (src line 182)


state 251
	type:  tokModule '{' typefields '}'.    (16)

	.  reduce 16 (src line 162)


state 252
	typearglist:  typearglist ',' typearg.    (27)

	.  reduce 27 (src line 208)


state 253
	type:  tokFunc '(' typeargs ')'.type 

	tokIdent  shift 46
	tokInt  shift 35
	tokString  shift 36
	tokBool  shift 37
	tokFile  shift 38
	tokDir  shift 39
	tokModule  shift 43
	tokFunc  shift 45
	'{'  shift 42
	'('  shift 44
	'['  shift 41
	.  error

	identSelector  goto 40
	type  goto 288

state 254
	paramdefs:  paramdefs.paramdef ';' 
	param:  tokParam '(' paramdefs.')' 

	tokIdent  shift 199
	')'  shift 290
	.  error

	paramdef  goto 289
	idents  goto 198

state 255
	paramdef:  idents type.    (62)
	paramdef:  idents type.'=' expr 

	'='  shift 291
	.  reduce 62 (src line 391)


state 256
	paramdef:  idents '='.expr 

	tokIdent  shift 17
	tokExpr  shift 16
	tokFile  shift 18
	tokDir  shift 19
	tokExec  shift 21
	tokFunc  shift 20
	tokIf  shift 12
	tokMake  shift 22
	tokLen  shift 27
	tokPanic  shift 33
	tokMap  shift 31
	tokList  shift 32
	tokZip  shift 28
	tokUnzip  shift 29
	tokFlatten  shift 30
	'{'  shift 24
	'('  shift 23
	'['  shift 25
	'-'  shift 15
	'!'  shift 14
	.  error

	expr  goto 292
	factor  goto 11
	term  goto 13
	exprblock  goto 26

state 257
	idents:  idents ','.tokIdent 

	tokIdent  shift 293
	.  error


state 258
	commadefs:  commadefs.',' commadef 
	valdef:  tokAt tokRequires '(' commadefs.')' semiOk valdef 

	')'  shift 294
	','  shift 219
	.  error


state 259
	val:  pat '=' expr.    (60)
	expr:  expr.'(' applyargs ')' 
	expr:  expr.tokOrOr expr 
	expr:  expr.tokAndAnd expr 
	expr:  expr.'<' expr 
	expr:  expr.'>' expr 
	expr:  expr.tokLE expr 
	expr:  expr.tokGE expr 
	expr:  expr.tokNE expr 
	expr:  expr.tokEqEq expr 
	expr:  expr.'+' expr 
	expr:  expr.'*' expr 
	expr:  expr.'/' expr 
	expr:  expr.'%' expr 
	expr:  expr.'&' expr 
	expr:  expr.tokLSH expr 
	expr:  expr.tokRSH expr 
	expr:  expr.tokSquiggleArrow expr 
	expr:  expr.'.' tokIdent 
	expr:  expr.'[' expr ']' 

	'('  shift 60
	'['  shift 78
	tokOrOr  shift 61
	tokAndAnd  shift 62
	tokLE  shift 65
	tokGE  shift 66
	tokNE  shift 67
	tokEqEq  shift 68
	tokLSH  shift 74
	tokRSH  shift 75
	tokSquiggleArrow  shift 76
	'<'  shift 63
	'>'  shift 64
	'+'  shift 69
	'*'  shift 70
	'/'  shift 71
	'%'  shift 72
	'&'  shift 73
	'.'  shift 77
	.  reduce 60 (src line 373)


state 260
	val:  pat type '='.expr 

	tokIdent  shift 17
	tokExpr  shift 16
	tokFile  shift 18
	tokDir  shift 19
	tokExec  shift 21
	tokFunc  shift 20
	tokIf  shift 12
	tokMake  shift 22
	tokLen  shift 27
	tokPanic  shift 33
	tokMap  shift 31
	tokList  shift 32
	tokZip  shift 28
	tokUnzip  shift 29
	tokFlatten  shift 30
	'{'  shift 24
	'('  shift 23
	'['  shift 25
	'-'  shift 15
	'!'  shift 14
	.  error

	expr  goto 295
	factor  goto 11
	term  goto 13
	exprblock  goto 26

state 261
	pat:  '(' tuplepatargs ')'.    (31)

	.  reduce 31 (src line 263)


state 262
	tuplepatargs:  tuplepatargs ','.pat 

	tokIdent  shift 122
	'{'  shift 126
	'('  shift 124
	'['  shift 125
	'_'  shift 123
	.  error

	pat  goto 296

state 263
	pat:  '[' listpatargs ']'.    (32)

	.  reduce 32 (src line 265)


state 264
	pat:  '{' structpatargs '}'.    (33)

	.  reduce 33 (src line 267)


state 265
	structpatargs:  structpatargs ','.structpat 

	tokIdent  shift 209
	.  error

	structpat  goto 297

state 266
	structpat:  tokIdent ':'.pat 

	tokIdent  shift 122
	'{'  shift 126
	'('  shift 124
	'['  shift 125
	'_'  shift 123
	.  error

	pat  goto 298

state 267
	valdef:  tokFunc tokIdent '(' funcargs.')' '=' expr 
	valdef:  tokFunc tokIdent '(' funcargs.')' type '=' expr 

	')'  shift 299
	.  error


state 268
	expr:  expr.'(' applyargs ')' 
	expr:  expr.tokOrOr expr 
	expr:  expr.tokAndAnd expr 
	expr:  expr.'<' expr 
	expr:  expr.'>' expr 
	expr:  expr.tokLE expr 
	expr:  expr.tokGE expr 
	expr:  expr.tokNE expr 
	expr:  expr.tokEqEq expr 
	expr:  expr.'+' expr 
	expr:  expr.'*' expr 
	expr:  expr.'/' expr 
	expr:  expr.'%' expr 
	expr:  expr.'&' expr 
	expr:  expr.tokLSH expr 
	expr:  expr.tokRSH expr 
	expr:  expr.tokSquiggleArrow expr 
	expr:  expr.'.' tokIdent 
	expr:  expr.'[' expr ']' 
	applyargs:  applyargs ',' expr.    (133)

	'('  shift 60
	'['  shift 78
	tokOrOr  shift 61
	tokAndAnd  shift 62
	tokLE  shift 65
	tokGE  shift 66
	tokNE  shift 67
	tokEqEq  shift 68
	tokLSH  shift 74
	tokRSH  shift 75
	tokSquiggleArrow  shift 76
	'<'  shift 63
	'>'  shift 64
	'+'  shift 69
	'*'  shift 70
	'/'  shift 71
	'%'  shift 72
	'&'  shift 73
	'.'  shift 77
	.  reduce 133 (src line 592)


state 269
	expr:  tokIf expr ifelseblock tokElse ifelseblock.    (85)

	.  reduce 85 (src line 471)


state 270
	expr:  expr.'(' applyargs ')' 
	expr:  expr.tokOrOr expr 
	expr:  expr.tokAndAnd expr 
	expr:  expr.'<' expr 
	expr:  expr.'>' expr 
	expr:  expr.tokLE expr 
	expr:  expr.tokGE expr 
	expr:  expr.tokNE expr 
	expr:  expr.tokEqEq expr 
	expr:  expr.'+' expr 
	expr:  expr.'*' expr 
	expr:  expr.'/' expr 
	expr:  expr.'%' expr 
	expr:  expr.'&' expr 
	expr:  expr.tokLSH expr 
	expr:  expr.tokRSH expr 
	expr:  expr.tokSquiggleArrow expr 
	expr:  expr.'.' tokIdent 
	expr:  expr.'[' expr ']' 
	ifelseblock:  '{' defs expr.maybeColon '}' 
	maybeColon: .    (119)

	'('  shift 60
	'['  shift 78
	tokOrOr  shift 61
	tokAndAnd  shift 62
	tokLE  shift 65
	tokGE  shift 66
	tokNE  shift 67
	tokEqEq  shift 68
	tokLSH  shift 74
	tokRSH  shift 75
	tokSquiggleArrow  shift 76
	'<'  shift 63
	'>'  shift 64
	'+'  shift 69
	'*'  shift 70
	'/'  shift 71
	'%'  shift 72
	'&'  shift 73
	'.'  shift 77
	';'  shift 230
	.  reduce 119 (src line 555)

	maybeColon  goto 300

state 271
	term:  tokFunc '(' funcargs ')' tokArrow.expr 

	tokIdent  shift 17
	tokExpr  shift 16
	tokFile  shift 18
	tokDir  shift 19
	tokExec  shift 21
	tokFunc  shift 20
	tokIf  shift 12
	tokMake  shift 22
	tokLen  shift 27
	tokPanic  shift 33
	tokMap  shift 31
	tokList  shift 32
	tokZip  shift 28
	tokUnzip  shift 29
	tokFlatten  shift 30
	'{'  shift 24
	'('  shift 23
	'['  shift 25
	'-'  shift 15
	'!'  shift 14
	.  error

	expr  goto 301
	factor  goto 11
	term  goto 13
	exprblock  goto 26

state 272
	term:  tokFunc '(' funcargs ')' type.tokArrow expr 

	tokArrow  shift 302
	.  error


state 273
	commadefs:  commadefs ',' commadef.    (47)

	.  reduce 47 (src line 322)


state 274
	term:  tokExec '(' commadefs ')' type.tokTemplate 

	tokTemplate  shift 303
	.  error


state 275
	commadefs:  commadefs.',' commadef 
	term:  tokMake '(' tokExpr ',' commadefs.')' 

	')'  shift 304
	','  shift 219
	.  error


state 276
	term:  '(' expr ',' tupleargs ')'.    (100)

	.  reduce 100 (src line 503)


state 277
	tupleargs:  tupleargs ','.expr 

	tokIdent  shift 17
	tokExpr  shift 16
	tokFile  shift 18
	tokDir  shift 19
	tokExec  shift 21
	tokFunc  shift 20
	tokIf  shift 12
	tokMake  shift 22
	tokLen  shift 27
	tokPanic  shift 33
	tokMap  shift 31
	tokList  shift 32
	tokZip  shift 28
	tokUnzip  shift 29
	tokFlatten  shift 30
	'{'  shift 24
	'('  shift 23
	'['  shift 25
	'-'  shift 15
	'!'  shift 14
	.  error

	expr  goto 305
	factor  goto 11
	term  goto 13
	exprblock  goto 26

state 278
	exprblock:  '{' defs1 expr maybeColon '}'.    (117)

	.  reduce 117 (src line 547)


state 279
	term:  '[' listargs commaOk listappendargs commaOk.']' 

	']'  shift 306
	.  error


state 280
	listappendargs:  listappendargs tokEllipsis.expr semiOk 

	tokIdent  shift 17
	tokExpr  shift 16
	tokFile  shift 18
	tokDir  shift 19
	tokExec  shift 21
	tokFunc  shift 20
	tokIf  shift 12
	tokMake  shift 22
	tokLen  shift 27
	tokPanic  shift 33
	tokMap  shift 31
	tokList  shift 32
	tokZip  shift 28
	tokUnzip  shift 29
	tokFlatten  shift 30
	'{'  shift 24
	'('  shift 23
	'['  shift 25
	'-'  shift 15
	'!'  shift 14
	.  error

	expr  goto 307
	factor  goto 11
	term  goto 13
	exprblock  goto 26

state 281
	commaOk:  ','.    (146)

	.  reduce 146 (src line 630)


state 282
	expr:  expr.'(' applyargs ')' 
	expr:  expr.tokOrOr expr 
	expr:  expr.tokAndAnd expr 
	expr:  expr.'<' expr 
	expr:  expr.'>' expr 
	expr:  expr.tokLE expr 
	expr:  expr.tokGE expr 
	expr:  expr.tokNE expr 
	expr:  expr.tokEqEq expr 
	expr:  expr.'+' expr 
	expr:  expr.'*' expr 
	expr:  expr.'/' expr 
	expr:  expr.'%' expr 
	expr:  expr.'&' expr 
	expr:  expr.tokLSH expr 
	expr:  expr.tokRSH expr 
	expr:  expr.tokSquiggleArrow expr 
	expr:  expr.'.' tokIdent 
	expr:  expr.'[' expr ']' 
	listappendargs:  tokEllipsis expr.semiOk 
	semiOk: .    (147)

	'('  shift 60
	'['  shift 78
	tokOrOr  shift 61
	tokAndAnd  shift 62
	tokLE  shift 65
	tokGE  shift 66
	tokNE  shift 67
	tokEqEq  shift 68
	tokLSH  shift 74
	tokRSH  shift 75
	tokSquiggleArrow  shift 76
	'<'  shift 63
	'>'  shift 64
	'+'  shift 69
	'*'  shift 70
	'/'  shift 71
	'%'  shift 72
	'&'  shift 73
	'.'  shift 77
	';'  shift 309
	.  reduce 147 (src line 632)

	semiOk  goto 308

state 283
	term:  '[' mapargs commaOk listappendargs commaOk.']' 

	']'  shift 310
	.  error


state 284
	mapargs:  mapargs ',' expr ':'.expr 

	tokIdent  shift 17
	tokExpr  shift 16
	tokFile  shift 18
	tokDir  shift 19
	tokExec  shift 21
	tokFunc  shift 20
	tokIf  shift 12
	tokMake  shift 22
	tokLen  shift 27
	tokPanic  shift 33
	tokMap  shift 31
	tokList  shift 32
	tokZip  shift 28
	tokUnzip  shift 29
	tokFlatten  shift 30
	'{'  shift 24
	'('  shift 23
	'['  shift 25
	'-'  shift 15
	'!'  shift 14
	.  error

	expr  goto 311
	factor  goto 11
	term  goto 13
	exprblock  goto 26

state 285
	term:  '[' expr '|' pat tokLeftArrow.expr ']' 

	tokIdent  shift 17
	tokExpr  shift 16
	tokFile  shift 18
	tokDir  shift 19
	tokExec  shift 21
	tokFunc  shift 20
	tokIf  shift 12
	tokMake  shift 22
	tokLen  shift 27
	tokPanic  shift 33
	tokMap  shift 31
	tokList  shift 32
	tokZip  shift 28
	tokUnzip  shift 29
	tokFlatten  shift 30
	'{'  shift 24
	'('  shift 23
	'['  shift 25
	'-'  shift 15
	'!'  shift 14
	.  error

	expr  goto 312
	factor  goto 11
	term  goto 13
	exprblock  goto 26

state 286
	expr:  expr.'(' applyargs ')' 
	expr:  expr.tokOrOr expr 
	expr:  expr.tokAndAnd expr 
	expr:  expr.'<' expr 
	expr:  expr.'>' expr 
	expr:  expr.tokLE expr 
	expr:  expr.tokGE expr 
	expr:  expr.tokNE expr 
	expr:  expr.tokEqEq expr 
	expr:  expr.'+' expr 
	expr:  expr.'*' expr 
	expr:  expr.'/' expr 
	expr:  expr.'%' expr 
	expr:  expr.'&' expr 
	expr:  expr.tokLSH expr 
	expr:  expr.tokRSH expr 
	expr:  expr.tokSquiggleArrow expr 
	expr:  expr.'.' tokIdent 
	expr:  expr.'[' expr ']' 
	term:  tokZip '(' expr ',' expr.')' 

	'('  shift 60
	'['  shift 78
	tokOrOr  shift 61
	tokAndAnd  shift 62
	tokLE  shift 65
	tokGE  shift 66
	tokNE  shift 67
	tokEqEq  shift 68
	tokLSH  shift 74
	tokRSH  shift 75
	tokSquiggleArrow  shift 76
	'<'  shift 63
	'>'  shift 64
	'+'  shift 69
	'*'  shift 70
	'/'  shift 71
	'%'  shift 72
	'&'  shift 73
	'.'  shift 77
	')'  shift 313
	.  error


state 287
	type:  '[' type ':' type ']'.    (14)

	.  reduce 14 (src line 158)


state 288
	type:  tokFunc '(' typeargs ')' type.    (18)

	.  reduce 18 (src line 176)


state 289
	paramdefs:  paramdefs paramdef.';' 

	';'  shift 314
	.  error


state 290
	param:  tokParam '(' paramdefs ')'.    (144)

	.  reduce 144 (src line 626)


state 291
	paramdef:  idents type '='.expr 

	tokIdent  shift 17
	tokExpr  shift 16
	tokFile  shift 18
	tokDir  shift 19
	tokExec  shift 21
	tokFunc  shift 20
	tokIf  shift 12
	tokMake  shift 22
	tokLen  shift 27
	tokPanic  shift 33
	tokMap  shift 31
	tokList  shift 32
	tokZip  shift 28
	tokUnzip  shift 29
	tokFlatten  shift 30
	'{'  shift 24
	'('  shift 23
	'['  shift 25
	'-'  shift 15
	'!'  shift 14
	.  error

	expr  goto 315
	factor  goto 11
	term  goto 13
	exprblock  goto 26

state 292
	paramdef:  idents '=' expr.    (63)
	expr:  expr.'(' applyargs ')' 
	expr:  expr.tokOrOr expr 
	expr:  expr.tokAndAnd expr 
	expr:  expr.'<' expr 
	expr:  expr.'>' expr 
	expr:  expr.tokLE expr 
	expr:  expr.tokGE expr 
	expr:  expr.tokNE expr 
	expr:  expr.tokEqEq expr 
	expr:  expr.'+' expr 
	expr:  expr.'*' expr 
	expr:  expr.'/' expr 
	expr:  expr.'%' expr 
	expr:  expr.'&' expr 
	expr:  expr.tokLSH expr 
	expr:  expr.tokRSH expr 
	expr:  expr.tokSquiggleArrow expr 
	expr:  expr.'.' tokIdent 
	expr:  expr.'[' expr ']' 

	'('  shift 60
	'['  shift 78
	tokOrOr  shift 61
	tokAndAnd  shift 62
	tokLE  shift 65
	tokGE  shift 66
	tokNE  shift 67
	tokEqEq  shift 68
	tokLSH  shift 74
	tokRSH  shift 75
	tokSquiggleArrow  shift 76
	'<'  shift 63
	'>'  shift 64
	'+'  shift 69
	'*'  shift 70
	'/'  shift 71
	'%'  shift 72
	'&'  shift 73
	'.'  shift 77
	.  reduce 63 (src line 405)


state 293
	idents:  idents ',' tokIdent.    (66)

	.  reduce 66 (src line 431)


state 294
	valdef:  tokAt tokRequires '(' commadefs ')'.semiOk valdef 
	semiOk: .    (147)

	';'  shift 309
	.  reduce 147 (src line 632)

	semiOk  goto 316

state 295
	val:  pat type '=' expr.    (61)
	expr:  expr.'(' applyargs ')' 
	expr:  expr.tokOrOr expr 
	expr:  expr.tokAndAnd expr 
	expr:  expr.'<' expr 
	expr:  expr.'>' expr 
	expr:  expr.tokLE expr 
	expr:  expr.tokGE expr 
	expr:  expr.tokNE expr 
	expr:  expr.tokEqEq expr 
	expr:  expr.'+' expr 
	expr:  expr.'*' expr 
	expr:  expr.'/' expr 
	expr:  expr.'%' expr 
	expr:  expr.'&' expr 
	expr:  expr.tokLSH expr 
	expr:  expr.tokRSH expr 
	expr:  expr.tokSquiggleArrow expr 
	expr:  expr.'.' tokIdent 
	expr:  expr.'[' expr ']' 

	'('  shift 60
	'['  shift 78
	tokOrOr  shift 61
	tokAndAnd  shift 62
	tokLE  shift 65
	tokGE  shift 66
	tokNE  shift 67
	tokEqEq  shift 68
	tokLSH  shift 74
	tokRSH  shift 75
	tokSquiggleArrow  shift 76
	'<'  shift 63
	'>'  shift 64
	'+'  shift 69
	'*'  shift 70
	'/'  shift 71
	'%'  shift 72
	'&'  shift 73
	'.'  shift 77
	.  reduce 61 (src line 376)


state 296
	tuplepatargs:  tuplepatargs ',' pat.    (36)

	.  reduce 36 (src line 281)


state 297
	structpatargs:  structpatargs ',' structpat.    (38)

	.  reduce 38 (src line 290)


state 298
	structpat:  tokIdent ':' pat.    (40)

	.  reduce 40 (src line 299)


state 299
	valdef:  tokFunc tokIdent '(' funcargs ')'.'=' expr 
	valdef:  tokFunc tokIdent '(' funcargs ')'.type '=' expr 

	tokIdent  shift 46
	tokInt  shift 35
	tokString  shift 36
	tokBool  shift 37
	tokFile  shift 38
	tokDir  shift 39
	tokModule  shift 43
	tokFunc  shift 45
	'{'  shift 42
	'('  shift 44
	'['  shift 41
	'='  shift 317
	.  error

	identSelector  goto 40
	type  goto 318

state 300
	ifelseblock:  '{' defs expr maybeColon.'}' 

	'}'  shift 319
	.  error


state 301
	expr:  expr.'(' applyargs ')' 
	expr:  expr.tokOrOr expr 
	expr:  expr.tokAndAnd expr 
	expr:  expr.'<' expr 
	expr:  expr.'>' expr 
	expr:  expr.tokLE expr 
	expr:  expr.tokGE expr 
	expr:  expr.tokNE expr 
	expr:  expr.tokEqEq expr 
	expr:  expr.'+' expr 
	expr:  expr.'*' expr 
	expr:  expr.'/' expr 
	expr:  expr.'%' expr 
	expr:  expr.'&' expr 
	expr:  expr.tokLSH expr 
	expr:  expr.tokRSH expr 
	expr:  expr.tokSquiggleArrow expr 
	expr:  expr.'.' tokIdent 
	expr:  expr.'[' expr ']' 
	term:  tokFunc '(' funcargs ')' tokArrow expr.    (95)

	'('  shift 60
	'['  shift 78
	tokOrOr  shift 61
	tokAndAnd  shift 62
	tokLE  shift 65
	tokGE  shift 66
	tokNE  shift 67
	tokEqEq  shift 68
	tokLSH  shift 74
	tokRSH  shift 75
	tokSquiggleArrow  shift 76
	'<'  shift 63
	'>'  shift 64
	'+'  shift 69
	'*'  shift 70
	'/'  shift 71
	'%'  shift 72
	'&'  shift 73
	'.'  shift 77
	.  reduce 95 (src line 492)


state 302
	term:  tokFunc '(' funcargs ')' type tokArrow.expr 

	tokIdent  shift 17
	tokExpr  shift 16
	tokFile  shift 18
	tokDir  shift 19
	tokExec  shift 21
	tokFunc  shift 20
	tokIf  shift 12
	tokMake  shift 22
	tokLen  shift 27
	tokPanic  shift 33
	tokMap  shift 31
	tokList  shift 32
	tokZip  shift 28
	tokUnzip  shift 29
	tokFlatten  shift 30
	'{'  shift 24
	'('  shift 23
	'['  shift 25
	'-'  shift 15
	'!'  shift 14
	.  error

	expr  goto 320
	factor  goto 11
	term  goto 13
	exprblock  goto 26

state 303
	term:  tokExec '(' commadefs ')' type tokTemplate.    (97)

	.  reduce 97 (src line 497)


state 304
	term:  tokMake '(' tokExpr ',' commadefs ')'.    (99)

	.  reduce 99 (src line 501)


state 305
	expr:  expr.'(' applyargs ')' 
	expr:  expr.tokOrOr expr 
	expr:  expr.tokAndAnd expr 
	expr:  expr.'<' expr 
	expr:  expr.'>' expr 
	expr:  expr.tokLE expr 
	expr:  expr.tokGE expr 
	expr:  expr.tokNE expr 
	expr:  expr.tokEqEq expr 
	expr:  expr.'+' expr 
	expr:  expr.'*' expr 
	expr:  expr.'/' expr 
	expr:  expr.'%' expr 
	expr:  expr.'&' expr 
	expr:  expr.tokLSH expr 
	expr:  expr.tokRSH expr 
	expr:  expr.tokSquiggleArrow expr 
	expr:  expr.'.' tokIdent 
	expr:  expr.'[' expr ']' 
	tupleargs:  tupleargs ',' expr.    (131)

	'('  shift 60
	'['  shift 78
	tokOrOr  shift 61
	tokAndAnd  shift 62
	tokLE  shift 65
	tokGE  shift 66
	tokNE  shift 67
	tokEqEq  shift 68
	tokLSH  shift 74
	tokRSH  shift 75
	tokSquiggleArrow  shift 76
	'<'  shift 63
	'>'  shift 64
	'+'  shift 69
	'*'  shift 70
	'/'  shift 71
	'%'  shift 72
	'&'  shift 73
	'.'  shift 77
	.  reduce 131 (src line 586)


state 306
	term:  '[' listargs commaOk listappendargs commaOk ']'.    (103)

	.  reduce 103 (src line 509)


state 307
	expr:  expr.'(' applyargs ')' 
	expr:  expr.tokOrOr expr 
	expr:  expr.tokAndAnd expr 
	expr:  expr.'<' expr 
	expr:  expr.'>' expr 
	expr:  expr.tokLE expr 
	expr:  expr.tokGE expr 
	expr:  expr.tokNE expr 
	expr:  expr.tokEqEq expr 
	expr:  expr.'+' expr 
	expr:  expr.'*' expr 
	expr:  expr.'/' expr 
	expr:  expr.'%' expr 
	expr:  expr.'&' expr 
	expr:  expr.tokLSH expr 
	expr:  expr.tokRSH expr 
	expr:  expr.tokSquiggleArrow expr 
	expr:  expr.'.' tokIdent 
	expr:  expr.'[' expr ']' 
	listappendargs:  listappendargs tokEllipsis expr.semiOk 
	semiOk: .    (147)

	'('  shift 60
	'['  shift 78
	tokOrOr  shift 61
	tokAndAnd  shift 62
	tokLE  shift 65
	tokGE  shift 66
	tokNE  shift 67
	tokEqEq  shift 68
	tokLSH  shift 74
	tokRSH  shift 75
	tokSquiggleArrow  shift 76
	'<'  shift 63
	'>'  shift 64
	'+'  shift 69
	'*'  shift 70
	'/'  shift 71
	'%'  shift 72
	'&'  shift 73
	'.'  shift 77
	';'  shift 309
	.  reduce 147 (src line 632)

	semiOk  goto 321

state 308
	listappendargs:  tokEllipsis expr semiOk.    (128)

	.  reduce 128 (src line 577)


state 309
	semiOk:  ';'.    (148)

	.  reduce 148 (src line 633)


state 310
	term:  '[' mapargs commaOk listappendargs commaOk ']'.    (106)

	.  reduce 106 (src line 520)


state 311
	expr:  expr.'(' applyargs ')' 
	expr:  expr.tokOrOr expr 
	expr:  expr.tokAndAnd expr 
	expr:  expr.'<' expr 
	expr:  expr.'>' expr 
	expr:  expr.tokLE expr 
	expr:  expr.tokGE expr 
	expr:  expr.tokNE expr 
	expr:  expr.tokEqEq expr 
	expr:  expr.'+' expr 
	expr:  expr.'*' expr 
	expr:  expr.'/' expr 
	expr:  expr.'%' expr 
	expr:  expr.'&' expr 
	expr:  expr.tokLSH expr 
	expr:  expr.tokRSH expr 
	expr:  expr.tokSquiggleArrow expr 
	expr:  expr.'.' tokIdent 
	expr:  expr.'[' expr ']' 
	mapargs:  mapargs ',' expr ':' expr.    (135)

	'('  shift 60
	'['  shift 78
	tokOrOr  shift 61
	tokAndAnd  shift 62
	tokLE  shift 65
	tokGE  shift 66
	tokNE  shift 67
	tokEqEq  shift 68
	tokLSH  shift 74
	tokRSH  shift 75
	tokSquiggleArrow  shift 76
	'<'  shift 63
	'>'  shift 64
	'+'  shift 69
	'*'  shift 70
	'/'  shift 71
	'%'  shift 72
	'&'  shift 73
	'.'  shift 77
	.  reduce 135 (src line 598)


state 312
	expr:  expr.'(' applyargs ')' 
	expr:  expr.tokOrOr expr 
	expr:  expr.tokAndAnd expr 
	expr:  expr.'<' expr 
	expr:  expr.'>' expr 
	expr:  expr.tokLE expr 
	expr:  expr.tokGE expr 
	expr:  expr.tokNE expr 
	expr:  expr.tokEqEq expr 
	expr:  expr.'+' expr 
	expr:  expr.'*' expr 
	expr:  expr.'/' expr 
	expr:  expr.'%' expr 
	expr:  expr.'&' expr 
	expr:  expr.tokLSH expr 
	expr:  expr.tokRSH expr 
	expr:  expr.tokSquiggleArrow expr 
	expr:  expr.'.' tokIdent 
	expr:  expr.'[' expr ']' 
	term:  '[' expr '|' pat tokLeftArrow expr.']' 

	'('  shift 60
	'['  shift 78
	tokOrOr  shift 61
	tokAndAnd  shift 62
	tokLE  shift 65
	tokGE  shift 66
	tokNE  shift 67
	tokEqEq  shift 68
	tokLSH  shift 74
	tokRSH  shift 75
	tokSquiggleArrow  shift 76
	'<'  shift 63
	'>'  shift 64
	'+'  shift 69
	'*'  shift 70
	'/'  shift 71
	'%'  shift 72
	'&'  shift 73
	'.'  shift 77
	']'  shift 322
	.  error


state 313
	term:  tokZip '(' expr ',' expr ')'.    (111)

	.  reduce 111 (src line 534)


state 314
	paramdefs:  paramdefs paramdef ';'.    (51)

	.  reduce 51 (src line 339)


state 315
	paramdef:  idents type '=' expr.    (64)
	expr:  expr.'(' applyargs ')' 
	expr:  expr.tokOrOr expr 
	expr:  expr.tokAndAnd expr 
	expr:  expr.'<' expr 
	expr:  expr.'>' expr 
	expr:  expr.tokLE expr 
	expr:  expr.tokGE expr 
	expr:  expr.tokNE expr 
	expr:  expr.tokEqEq expr 
	expr:  expr.'+' expr 
	expr:  expr.'*' expr 
	expr:  expr.'/' expr 
	expr:  expr.'%' expr 
	expr:  expr.'&' expr 
	expr:  expr.tokLSH expr 
	expr:  expr.tokRSH expr 
	expr:  expr.tokSquiggleArrow expr 
	expr:  expr.'.' tokIdent 
	expr:  expr.'[' expr ']' 

	'('  shift 60
	'['  shift 78
	tokOrOr  shift 61
	tokAndAnd  shift 62
	tokLE  shift 65
	tokGE  shift 66
	tokNE  shift 67
	tokEqEq  shift 68
	tokLSH  shift 74
	tokRSH  shift 75
	tokSquiggleArrow  shift 76
	'<'  shift 63
	'>'  shift 64
	'+'  shift 69
	'*'  shift 70
	'/'  shift 71
	'%'  shift 72
	'&'  shift 73
	'.'  shift 77
	.  reduce 64 (src line 413)


state 316
	valdef:  tokAt tokRequires '(' commadefs ')' semiOk.valdef 

	tokIdent  shift 56
	tokAt  shift 54
	tokVal  shift 55
	tokFunc  shift 57
	.  error

	valdef  goto 323

state 317
	valdef:  tokFunc tokIdent '(' funcargs ')' '='.expr 

	tokIdent  shift 17
	tokExpr  shift 16
	tokFile  shift 18
	tokDir  shift 19
	tokExec  shift 21
	tokFunc  shift 20
	tokIf  shift 12
	tokMake  shift 22
	tokLen  shift 27
	tokPanic  shift 33
	tokMap  shift 31
	tokList  shift 32
	tokZip  shift 28
	tokUnzip  shift 29
	tokFlatten  shift 30
	'{'  shift 24
	'('  shift 23
	'['  shift 25
	'-'  shift 15
	'!'  shift 14
	.  error

	expr  goto 324
	factor  goto 11
	term  goto 13
	exprblock  goto 26

state 318
	valdef:  tokFunc tokIdent '(' funcargs ')' type.'=' expr 

	'='  shift 325
	.  error


state 319
	ifelseblock:  '{' defs expr maybeColon '}'.    (118)

	.  reduce 118 (src line 551)


state 320
	expr:  expr.'(' applyargs ')' 
	expr:  expr.tokOrOr expr 
	expr:  expr.tokAndAnd expr 
	expr:  expr.'<' expr 
	expr:  expr.'>' expr 
	expr:  expr.tokLE expr 
	expr:  expr.tokGE expr 
	expr:  expr.tokNE expr 
	expr:  expr.tokEqEq expr 
	expr:  expr.'+' expr 
	expr:  expr.'*' expr 
	expr:  expr.'/' expr 
	expr:  expr.'%' expr 
	expr:  expr.'&' expr 
	expr:  expr.tokLSH expr 
	expr:  expr.tokRSH expr 
	expr:  expr.tokSquiggleArrow expr 
	expr:  expr.'.' tokIdent 
	expr:  expr.'[' expr ']' 
	term:  tokFunc '(' funcargs ')' type tokArrow expr.    (96)

	'('  shift 60
	'['  shift 78
	tokOrOr  shift 61
	tokAndAnd  shift 62
	tokLE  shift 65
	tokGE  shift 66
	tokNE  shift 67
	tokEqEq  shift 68
	tokLSH  shift 74
	tokRSH  shift 75
	tokSquiggleArrow  shift 76
	'<'  shift 63
	'>'  shift 64
	'+'  shift 69
	'*'  shift 70
	'/'  shift 71
	'%'  shift 72
	'&'  shift 73
	'.'  shift 77
	.  reduce 96 (src line 494)


state 321
	listappendargs:  listappendargs tokEllipsis expr semiOk.    (129)

	.  reduce 129 (src line 580)


state 322
	term:  '[' expr '|' pat tokLeftArrow expr ']'.    (107)

	.  reduce 107 (src line 527)


state 323
	valdef:  tokAt tokRequires '(' commadefs ')' semiOk valdef.    (54)

	.  reduce 54 (src line 343)


state 324
	valdef:  tokFunc tokIdent '(' funcargs ')' '=' expr.    (57)
	expr:  expr.'(' applyargs ')' 
	expr:  expr.tokOrOr expr 
	expr:  expr.tokAndAnd expr 
	expr:  expr.'<' expr 
	expr:  expr.'>' expr 
	expr:  expr.tokLE expr 
	expr:  expr.tokGE expr 
	expr:  expr.tokNE expr 
	expr:  expr.tokEqEq expr 
	expr:  expr.'+' expr 
	expr:  expr.'*' expr 
	expr:  expr.'/' expr 
	expr:  expr.'%' expr 
	expr:  expr.'&' expr 
	expr:  expr.tokLSH expr 
	expr:  expr.tokRSH expr 
	expr:  expr.tokSquiggleArrow expr 
	expr:  expr.'.' tokIdent 
	expr:  expr.'[' expr ']' 

	'('  shift 60
	'['  shift 78
	tokOrOr  shift 61
	tokAndAnd  shift 62
	tokLE  shift 65
	tokGE  shift 66
	tokNE  shift 67
	tokEqEq  shift 68
	tokLSH  shift 74
	tokRSH  shift 75
	tokSquiggleArrow  shift 76
	'<'  shift 63
	'>'  shift 64
	'+'  shift 69
	'*'  shift 70
	'/'  shift 71
	'%'  shift 72
	'&'  shift 73
	'.'  shift 77
	.  reduce 57 (src line 357)


state 325
	valdef:  tokFunc tokIdent '(' funcargs ')' type '='.expr 

	tokIdent  shift 17
	tokExpr  shift 16
	tokFile  shift 18
	tokDir  shift 19
	tokExec  shift 21
	tokFunc  shift 20
	tokIf  shift 12
	tokMake  shift 22
	tokLen  shift 27
	tokPanic  shift 33
	tokMap  shift 31
	tokList  shift 32
	tokZip  shift 28
	tokUnzip  shift 29
	tokFlatten  shift 30
	'{'  shift 24
	'('  shift 23
	'['  shift 25
	'-'  shift 15
	'!'  shift 14
	.  error

	expr  goto 326
	factor  goto 11
	term  goto 13
	exprblock  goto 26

state 326
	valdef:  tokFunc tokIdent '(' funcargs ')' type '=' expr.    (58)
	expr:  expr.'(' applyargs ')' 
	expr:  expr.tokOrOr expr 
	expr:  expr.tokAndAnd expr 
	expr:  expr.'<' expr 
	expr:  expr.'>' expr 
	expr:  expr.tokLE expr 
	expr:  expr.tokGE expr 
	expr:  expr.tokNE expr 
	expr:  expr.tokEqEq expr 
	expr:  expr.'+' expr 
	expr:  expr.'*' expr 
	expr:  expr.'/' expr 
	expr:  expr.'%' expr 
	expr:  expr.'&' expr 
	expr:  expr.tokLSH expr 
	expr:  expr.tokRSH expr 
	expr:  expr.tokSquiggleArrow expr 
	expr:  expr.'.' tokIdent 
	expr:  expr.'[' expr ']' 

	'('  shift 60
	'['  shift 78
	tokOrOr  shift 61
	tokAndAnd  shift 62
	tokLE  shift 65
	tokGE  shift 66
	tokNE  shift 67
	tokEqEq  shift 68
	tokLSH  shift 74
	tokRSH  shift 75
	tokSquiggleArrow  shift 76
	'<'  shift 63
	'>'  shift 64
	'+'  shift 69
	'*'  shift 70
	'/'  shift 71
	'%'  shift 72
	'&'  shift 73
	'.'  shift 77
	.  reduce 58 (src line 362)


77 terminals, 46 nonterminals
149 grammar rules, 327/8000 states
0 shift/reduce, 0 reduce/reduce conflicts reported
95 working sets used
memory: parser 380/120000
229 extra closures
2284 shift entries, 2 exceptions
144 goto entries
206 entries saved by goto default
Optimizer space used: output 1192/120000
1192 table entries, 323 zero
maximum spread: 77, maximum offset: 325
